Log file open, 11/17/22 14:13:08
LogWindows: Failed to load 'aqProf.dll' (GetLastError=126)
LogWindows: File 'aqProf.dll' does not exist
LogWindows: Failed to load 'VtuneApi.dll' (GetLastError=126)
LogWindows: File 'VtuneApi.dll' does not exist
LogWindows: Failed to load 'VtuneApi32e.dll' (GetLastError=126)
LogWindows: File 'VtuneApi32e.dll' does not exist
LogConsoleResponse: Display: Failed to find resolution value strings in scalability ini. Falling back to default.
LogConsoleResponse: Display: Failed to find resolution value strings in scalability ini. Falling back to default.
LogInit: Display: Running engine for game: DataWing
LogPlatformFile: Not using cached read wrapper
LogTaskGraph: Started task graph with 5 named threads and 59 total threads with 3 sets of task threads.
LogStats: Stats thread started at 0.146474
LogICUInternationalization: ICU TimeZone Detection - Raw Offset: +1:00, Platform Override: ''
LogInit: Display: Loading text-based GConfig....
LogPluginManager: Mounting plugin MeshPainting
LogPluginManager: Mounting plugin XGEController
LogPluginManager: Mounting plugin AISupport
LogPluginManager: Mounting plugin Paper2D
LogPluginManager: Mounting plugin EnvironmentQueryEditor
LogPluginManager: Mounting plugin LiveLink
LogPluginManager: Mounting plugin GameplayCameras
LogPluginManager: Mounting plugin CameraShakePreviewer
LogPluginManager: Mounting plugin LightPropagationVolume
LogPluginManager: Mounting plugin OodleNetwork
LogPluginManager: Mounting plugin AnimationSharing
LogPluginManager: Mounting plugin OodleData
LogPluginManager: Mounting plugin CodeLiteSourceCodeAccess
LogPluginManager: Mounting plugin CLionSourceCodeAccess
LogPluginManager: Mounting plugin KDevelopSourceCodeAccess
LogPluginManager: Mounting plugin GitSourceControl
LogPluginManager: Mounting plugin NullSourceCodeAccess
LogPluginManager: Mounting plugin PluginUtils
LogPluginManager: Mounting plugin PixWinPlugin
LogPluginManager: Mounting plugin PerforceSourceControl
LogPluginManager: Mounting plugin PlasticSourceControl
LogPluginManager: Mounting plugin PropertyAccessNode
LogPluginManager: Mounting plugin TextureFormatOodle
LogPluginManager: Mounting plugin RiderSourceCodeAccess
LogPluginManager: Mounting plugin UObjectPlugin
LogPluginManager: Mounting plugin VisualStudioCodeSourceCodeAccess
LogPluginManager: Mounting plugin AssetManagerEditor
LogPluginManager: Mounting plugin XCodeSourceCodeAccess
LogPluginManager: Mounting plugin VisualStudioSourceCodeAccess
LogPluginManager: Mounting plugin SubversionSourceControl
LogPluginManager: Mounting plugin CurveEditorTools
LogPluginManager: Mounting plugin GameplayTagsEditor
LogPluginManager: Mounting plugin CryptoKeys
LogPluginManager: Mounting plugin FacialAnimation
LogPluginManager: Mounting plugin DataValidation
LogPluginManager: Mounting plugin GeometryMode
LogPluginManager: Mounting plugin MacGraphicsSwitching
LogPluginManager: Mounting plugin MaterialAnalyzer
LogPluginManager: Mounting plugin SpeedTreeImporter
LogPluginManager: Mounting plugin MobileLauncherProfileWizard
LogPluginManager: Mounting plugin PluginBrowser
LogPluginManager: Mounting plugin AlembicImporter
LogPluginManager: Mounting plugin BackChannel
LogPluginManager: Mounting plugin AutomationUtils
LogPluginManager: Mounting plugin ChaosCloth
LogPluginManager: Mounting plugin ChaosEditor
LogPluginManager: Mounting plugin ChaosClothEditor
LogPluginManager: Mounting plugin CharacterAI
LogPluginManager: Mounting plugin ChaosNiagara
LogPluginManager: Mounting plugin ChaosSolverPlugin
LogPluginManager: Mounting plugin GeometryCache
LogPluginManager: Mounting plugin GeometryProcessing
LogPluginManager: Mounting plugin GeometryCollectionPlugin
LogPluginManager: Mounting plugin MotoSynth
LogPluginManager: Mounting plugin OpenImageDenoise
LogPluginManager: Mounting plugin PlatformCrypto
LogPluginManager: Mounting plugin PlanarCut
LogPluginManager: Mounting plugin PythonScriptPlugin
LogPluginManager: Mounting plugin ProxyLODPlugin
LogPluginManager: Mounting plugin SkeletalReduction
LogPluginManager: Mounting plugin MagicLeap
LogPluginManager: Mounting plugin LuminPlatformFeatures
LogPluginManager: Mounting plugin MagicLeapLightEstimation
LogPluginManager: Mounting plugin MagicLeapMedia
LogPluginManager: Mounting plugin MagicLeapPassableWorld
LogPluginManager: Mounting plugin MLSDK
LogPluginManager: Mounting plugin DatasmithContent
LogPluginManager: Mounting plugin UdpMessaging
LogPluginManager: Mounting plugin TcpMessaging
LogPluginManager: Mounting plugin ActorSequence
LogPluginManager: Mounting plugin LevelSequenceEditor
LogPluginManager: Mounting plugin MatineeToLevelSequence
LogPluginManager: Mounting plugin TemplateSequence
LogPluginManager: Mounting plugin VariantManagerContent
LogPluginManager: Mounting plugin OnlineSubsystem
LogPluginManager: Mounting plugin OnlineSubsystemUtils
LogPluginManager: Mounting plugin OnlineSubsystemNull
LogPluginManager: Mounting plugin ActorLayerUtilities
LogPluginManager: Mounting plugin AndroidDeviceProfileSelector
LogPluginManager: Mounting plugin AndroidMoviePlayer
LogPluginManager: Mounting plugin AndroidPermission
LogPluginManager: Mounting plugin AppleImageUtils
LogPluginManager: Mounting plugin AppleMoviePlayer
LogPluginManager: Mounting plugin AssetTags
LogPluginManager: Mounting plugin ArchVisCharacter
LogPluginManager: Mounting plugin AudioCapture
LogPluginManager: Mounting plugin AudioSynesthesia
LogPluginManager: Mounting plugin ChunkDownloader
LogPluginManager: Mounting plugin CableComponent
LogPluginManager: Mounting plugin CustomMeshComponent
LogPluginManager: Mounting plugin EditableMesh
LogPluginManager: Mounting plugin ExampleDeviceProfileSelector
LogPluginManager: Mounting plugin GooglePAD
LogPluginManager: Mounting plugin GoogleCloudMessaging
LogPluginManager: Mounting plugin IOSDeviceProfileSelector
LogPluginManager: Mounting plugin LinuxDeviceProfileSelector
LogPluginManager: Mounting plugin LocationServicesBPLibrary
LogPluginManager: Mounting plugin MobilePatchingUtils
LogPluginManager: Mounting plugin OpenXR
LogPluginManager: Mounting plugin OpenXREyeTracker
LogPluginManager: Mounting plugin OpenXRHandTracking
LogPluginManager: Mounting plugin PhysXVehicles
LogPluginManager: Mounting plugin PostSplashScreen
LogPluginManager: Mounting plugin PropertyAccessEditor
LogPluginManager: Mounting plugin ProceduralMeshComponent
LogPluginManager: Mounting plugin SoundFields
LogPluginManager: Mounting plugin SignificanceManager
LogPluginManager: Mounting plugin RuntimePhysXCooking
LogPluginManager: Mounting plugin ScreenshotTools
LogPluginManager: Mounting plugin Synthesis
LogPluginManager: Mounting plugin WebMMoviePlayer
LogPluginManager: Mounting plugin WindowsMoviePlayer
LogPluginManager: Mounting plugin LauncherChunkInstaller
LogPluginManager: Mounting plugin Takes
LogPluginManager: Mounting plugin Niagara
LogPluginManager: Mounting plugin AndroidMedia
LogPluginManager: Mounting plugin AvfMedia
LogPluginManager: Mounting plugin ImgMedia
LogPluginManager: Mounting plugin MediaCompositing
LogPluginManager: Mounting plugin MediaPlayerEditor
LogPluginManager: Mounting plugin WebMMedia
LogPluginManager: Mounting plugin WmfMedia
LogPluginManager: Mounting plugin ContentBrowserAssetDataSource
LogPluginManager: Mounting plugin ContentBrowserClassDataSource
LogPluginManager: Mounting plugin ContentBrowserFileDataSource
LogPluginManager: Mounting plugin OnlineSubsystemGooglePlay
LogPluginManager: Mounting plugin OnlineSubsystemIOS
LogPluginManager: Mounting plugin OculusVR
LogPluginManager: Mounting plugin SteamVR
PixWinPlugin: PIX capture plugin failed to initialize! Check that the process is launched from PIX.
LogLuminAPIImpl: Warning: MLSDK not found.  This likely means the MLSDK environment variable is not set.
LogInit: Using libcurl 7.55.1-DEV
LogInit:  - built for x86_64-pc-win32
LogInit:  - supports SSL with OpenSSL/1.1.1
LogInit:  - supports HTTP deflate (compression) using libz 1.2.8
LogInit:  - other features:
LogInit:      CURL_VERSION_SSL
LogInit:      CURL_VERSION_LIBZ
LogInit:      CURL_VERSION_IPV6
LogInit:      CURL_VERSION_ASYNCHDNS
LogInit:      CURL_VERSION_LARGEFILE
LogInit:      CURL_VERSION_IDN
LogInit:  CurlRequestOptions (configurable via config and command line):
LogInit:  - bVerifyPeer = true  - Libcurl will verify peer certificate
LogInit:  - bUseHttpProxy = false  - Libcurl will NOT use HTTP proxy
LogInit:  - bDontReuseConnections = false  - Libcurl will reuse connections
LogInit:  - MaxHostConnections = 16  - Libcurl will limit the number of connections to a host
LogInit:  - LocalHostAddr = Default
LogInit:  - BufferSize = 65536
LogOnline: OSS: Creating online subsystem instance for: NULL
LogInit: WinSock: version 1.1 (2.2), MaxSocks=32767, MaxUdp=65467
LogOnline: OSS: TryLoadSubsystemAndSetDefault: Loaded subsystem for module [NULL]
LogOculusPluginWrapper: OculusPlugin initialized successfully
LogHMD: Failed initializing OVRPlugin 1.59.0
LogInit: Build: ++UE4+Release-4.27-CL-18319896
LogInit: Engine Version: 4.27.2-18319896+++UE4+Release-4.27
LogInit: Compatible Engine Version: 4.27.0-17155196+++UE4+Release-4.27
LogInit: Net CL: 17155196
LogInit: OS: Windows 10 (Release 2009) (), CPU: 12th Gen Intel(R) Core(TM) i7-12700, GPU: NVIDIA GeForce RTX 3060
LogInit: Compiled (64-bit): Nov 30 2021 07:12:08
LogInit: Compiled with Visual C++: 19.24.28315.00
LogInit: Build Configuration: Development
LogInit: Branch Name: ++UE4+Release-4.27
LogInit: Command Line:  -EpicPortal -epicusername=Maxime66410 -epicuserid=7915064d6ac44482ab192a366e58fb8d -epiclocale=fr -epicsandboxid=ue
LogInit: Base Directory: F:/Programmes/EpicGames/UE_4.27/Engine/Binaries/Win64/
LogInit: Allocator: TBB
LogInit: Installed Engine Build: 1
LogDevObjectVersion: Number of dev versions registered: 29
LogDevObjectVersion:   Dev-Blueprints (B0D832E4-1F89-4F0D-ACCF-7EB736FD4AA2): 10
LogDevObjectVersion:   Dev-Build (E1C64328-A22C-4D53-A36C-8E866417BD8C): 0
LogDevObjectVersion:   Dev-Core (375EC13C-06E4-48FB-B500-84F0262A717E): 4
LogDevObjectVersion:   Dev-Editor (E4B068ED-F494-42E9-A231-DA0B2E46BB41): 40
LogDevObjectVersion:   Dev-Framework (CFFC743F-43B0-4480-9391-14DF171D2073): 37
LogDevObjectVersion:   Dev-Mobile (B02B49B5-BB20-44E9-A304-32B752E40360): 3
LogDevObjectVersion:   Dev-Networking (A4E4105C-59A1-49B5-A7C5-40C4547EDFEE): 0
LogDevObjectVersion:   Dev-Online (39C831C9-5AE6-47DC-9A44-9C173E1C8E7C): 0
LogDevObjectVersion:   Dev-Physics (78F01B33-EBEA-4F98-B9B4-84EACCB95AA2): 14
LogDevObjectVersion:   Dev-Platform (6631380F-2D4D-43E0-8009-CF276956A95A): 0
LogDevObjectVersion:   Dev-Rendering (12F88B9F-8875-4AFC-A67C-D90C383ABD29): 45
LogDevObjectVersion:   Dev-Sequencer (7B5AE74C-D270-4C10-A958-57980B212A5A): 13
LogDevObjectVersion:   Dev-VR (D7296918-1DD6-4BDD-9DE2-64A83CC13884): 3
LogDevObjectVersion:   Dev-LoadTimes (C2A15278-BFE7-4AFE-6C17-90FF531DF755): 1
LogDevObjectVersion:   Private-Geometry (6EACA3D4-40EC-4CC1-B786-8BED09428FC5): 3
LogDevObjectVersion:   Dev-AnimPhys (29E575DD-E0A3-4627-9D10-D276232CDCEA): 17
LogDevObjectVersion:   Dev-Anim (AF43A65D-7FD3-4947-9873-3E8ED9C1BB05): 15
LogDevObjectVersion:   Dev-ReflectionCapture (6B266CEC-1EC7-4B8F-A30B-E4D90942FC07): 1
LogDevObjectVersion:   Dev-Automation (0DF73D61-A23F-47EA-B727-89E90C41499A): 1
LogDevObjectVersion:   FortniteMain (601D1886-AC64-4F84-AA16-D3DE0DEAC7D6): 47
LogDevObjectVersion:   FortniteRelease (E7086368-6B23-4C58-8439-1B7016265E91): 1
LogDevObjectVersion:   Dev-Enterprise (9DFFBCD6-494F-0158-E221-12823C92A888): 10
LogDevObjectVersion:   Dev-Niagara (F2AED0AC-9AFE-416F-8664-AA7FFA26D6FC): 1
LogDevObjectVersion:   Dev-Destruction (174F1F0B-B4C6-45A5-B13F-2EE8D0FB917D): 10
LogDevObjectVersion:   Dev-Physics-Ext (35F94A83-E258-406C-A318-09F59610247C): 41
LogDevObjectVersion:   Dev-PhysicsMaterial-Chaos (B68FC16E-8B1B-42E2-B453-215C058844FE): 1
LogDevObjectVersion:   Dev-CineCamera (B2E18506-4273-CFC2-A54E-F4BB758BBA07): 1
LogDevObjectVersion:   Dev-VirtualProduction (64F58936-FD1B-42BA-BA96-7289D5D0FA4E): 1
LogDevObjectVersion:   Dev-MediaFramework (6F0ED827-A609-4895-9C91-998D90180EA4): 2
LogInit: Presizing for max 25165824 objects, including 0 objects not considered by GC, pre-allocating 0 bytes for permanent pool.
LogConfig: Applying CVar settings from Section [/Script/Engine.StreamingSettings] File [F:/Github/Data-Wing-UE-4.27.1/DataWing/Saved/Config/Windows/Engine.ini]
LogConfig: Setting CVar [[s.MinBulkDataSizeForAsyncLoading:131072]]
LogConfig: Setting CVar [[s.AsyncLoadingThreadEnabled:0]]
LogConfig: Setting CVar [[s.EventDrivenLoaderEnabled:1]]
LogConfig: Setting CVar [[s.WarnIfTimeLimitExceeded:0]]
LogConfig: Setting CVar [[s.TimeLimitExceededMultiplier:1.5]]
LogConfig: Setting CVar [[s.TimeLimitExceededMinTime:0.005]]
LogConfig: Setting CVar [[s.UseBackgroundLevelStreaming:1]]
LogConfig: Setting CVar [[s.PriorityAsyncLoadingExtraTime:15.0]]
LogConfig: Setting CVar [[s.LevelStreamingActorsUpdateTimeLimit:5.0]]
LogConfig: Setting CVar [[s.PriorityLevelStreamingActorsUpdateExtraTime:5.0]]
LogConfig: Setting CVar [[s.LevelStreamingComponentsRegistrationGranularity:10]]
LogConfig: Setting CVar [[s.UnregisterComponentsTimeLimit:1.0]]
LogConfig: Setting CVar [[s.LevelStreamingComponentsUnregistrationGranularity:5]]
LogConfig: Setting CVar [[s.FlushStreamingOnExit:1]]
LogInit: Object subsystem initialized
LogConfig: Setting CVar [[con.DebugEarlyDefault:1]]
LogConfig: Setting CVar [[r.setres:1280x720]]
[2022.11.17-13.13.08:685][  0]LogConfig: Setting CVar [[r.VSync:0]]
[2022.11.17-13.13.08:685][  0]LogConfig: Setting CVar [[r.RHICmdBypass:0]]
[2022.11.17-13.13.08:686][  0]LogConfig: Applying CVar settings from Section [/Script/Engine.RendererSettings] File [F:/Github/Data-Wing-UE-4.27.1/DataWing/Saved/Config/Windows/Engine.ini]
[2022.11.17-13.13.08:686][  0]LogConfig: Setting CVar [[r.GPUCrashDebugging:0]]
[2022.11.17-13.13.08:686][  0]LogConfig: Applying CVar settings from Section [/Script/Engine.RendererOverrideSettings] File [F:/Github/Data-Wing-UE-4.27.1/DataWing/Saved/Config/Windows/Engine.ini]
[2022.11.17-13.13.08:686][  0]LogConfig: Applying CVar settings from Section [/Script/Engine.StreamingSettings] File [F:/Github/Data-Wing-UE-4.27.1/DataWing/Saved/Config/Windows/Engine.ini]
[2022.11.17-13.13.08:686][  0]LogConfig: Setting CVar [[s.MinBulkDataSizeForAsyncLoading:131072]]
[2022.11.17-13.13.08:686][  0]LogConfig: Setting CVar [[s.AsyncLoadingThreadEnabled:0]]
[2022.11.17-13.13.08:686][  0]LogConfig: Setting CVar [[s.EventDrivenLoaderEnabled:1]]
[2022.11.17-13.13.08:686][  0]LogConfig: Setting CVar [[s.WarnIfTimeLimitExceeded:0]]
[2022.11.17-13.13.08:686][  0]LogConfig: Setting CVar [[s.TimeLimitExceededMultiplier:1.5]]
[2022.11.17-13.13.08:686][  0]LogConfig: Setting CVar [[s.TimeLimitExceededMinTime:0.005]]
[2022.11.17-13.13.08:686][  0]LogConfig: Setting CVar [[s.UseBackgroundLevelStreaming:1]]
[2022.11.17-13.13.08:686][  0]LogConfig: Setting CVar [[s.PriorityAsyncLoadingExtraTime:15.0]]
[2022.11.17-13.13.08:686][  0]LogConfig: Setting CVar [[s.LevelStreamingActorsUpdateTimeLimit:5.0]]
[2022.11.17-13.13.08:686][  0]LogConfig: Setting CVar [[s.PriorityLevelStreamingActorsUpdateExtraTime:5.0]]
[2022.11.17-13.13.08:686][  0]LogConfig: Setting CVar [[s.LevelStreamingComponentsRegistrationGranularity:10]]
[2022.11.17-13.13.08:686][  0]LogConfig: Setting CVar [[s.UnregisterComponentsTimeLimit:1.0]]
[2022.11.17-13.13.08:686][  0]LogConfig: Setting CVar [[s.LevelStreamingComponentsUnregistrationGranularity:5]]
[2022.11.17-13.13.08:686][  0]LogConfig: Setting CVar [[s.FlushStreamingOnExit:1]]
[2022.11.17-13.13.08:686][  0]LogConfig: Applying CVar settings from Section [/Script/Engine.GarbageCollectionSettings] File [F:/Github/Data-Wing-UE-4.27.1/DataWing/Saved/Config/Windows/Engine.ini]
[2022.11.17-13.13.08:686][  0]LogConfig: Setting CVar [[gc.MaxObjectsNotConsideredByGC:1]]
[2022.11.17-13.13.08:686][  0]LogConfig: Setting CVar [[gc.SizeOfPermanentObjectPool:0]]
[2022.11.17-13.13.08:686][  0]LogConfig: Setting CVar [[gc.FlushStreamingOnGC:0]]
[2022.11.17-13.13.08:686][  0]LogConfig: Setting CVar [[gc.NumRetriesBeforeForcingGC:10]]
[2022.11.17-13.13.08:686][  0]LogConfig: Setting CVar [[gc.AllowParallelGC:1]]
[2022.11.17-13.13.08:686][  0]LogConfig: Setting CVar [[gc.TimeBetweenPurgingPendingKillObjects:61.1]]
[2022.11.17-13.13.08:686][  0]LogConfig: Setting CVar [[gc.MaxObjectsInEditor:25165824]]
[2022.11.17-13.13.08:686][  0]LogConfig: Setting CVar [[gc.IncrementalBeginDestroyEnabled:1]]
[2022.11.17-13.13.08:686][  0]LogConfig: Setting CVar [[gc.CreateGCClusters:1]]
[2022.11.17-13.13.08:686][  0]LogConfig: Setting CVar [[gc.MinGCClusterSize:5]]
[2022.11.17-13.13.08:686][  0]LogConfig: Setting CVar [[gc.ActorClusteringEnabled:0]]
[2022.11.17-13.13.08:686][  0]LogConfig: Setting CVar [[gc.BlueprintClusteringEnabled:0]]
[2022.11.17-13.13.08:686][  0]LogConfig: Setting CVar [[gc.UseDisregardForGCOnDedicatedServers:0]]
[2022.11.17-13.13.08:686][  0]LogConfig: Setting CVar [[gc.MultithreadedDestructionEnabled:1]]
[2022.11.17-13.13.08:686][  0]LogConfig: Applying CVar settings from Section [/Script/Engine.NetworkSettings] File [F:/Github/Data-Wing-UE-4.27.1/DataWing/Saved/Config/Windows/Engine.ini]
[2022.11.17-13.13.08:686][  0]LogConfig: Applying CVar settings from Section [/Script/UnrealEd.CookerSettings] File [F:/Github/Data-Wing-UE-4.27.1/DataWing/Saved/Config/Windows/Engine.ini]
[2022.11.17-13.13.08:689][  0]LogConfig: Applying CVar settings from Section [ViewDistanceQuality@3] File [F:/Github/Data-Wing-UE-4.27.1/DataWing/Saved/Config/Windows/Scalability.ini]
[2022.11.17-13.13.08:689][  0]LogConfig: Setting CVar [[r.SkeletalMeshLODBias:0]]
[2022.11.17-13.13.08:689][  0]LogConfig: Setting CVar [[r.ViewDistanceScale:1.0]]
[2022.11.17-13.13.08:689][  0]LogConfig: Applying CVar settings from Section [AntiAliasingQuality@3] File [F:/Github/Data-Wing-UE-4.27.1/DataWing/Saved/Config/Windows/Scalability.ini]
[2022.11.17-13.13.08:689][  0]LogConfig: Setting CVar [[r.PostProcessAAQuality:4]]
[2022.11.17-13.13.08:689][  0]LogConfig: Applying CVar settings from Section [ShadowQuality@3] File [F:/Github/Data-Wing-UE-4.27.1/DataWing/Saved/Config/Windows/Scalability.ini]
[2022.11.17-13.13.08:689][  0]LogConfig: Setting CVar [[r.LightFunctionQuality:1]]
[2022.11.17-13.13.08:689][  0]LogConfig: Setting CVar [[r.ShadowQuality:5]]
[2022.11.17-13.13.08:689][  0]LogConfig: Setting CVar [[r.Shadow.CSM.MaxCascades:10]]
[2022.11.17-13.13.08:689][  0]LogConfig: Setting CVar [[r.Shadow.MaxResolution:2048]]
[2022.11.17-13.13.08:689][  0]LogConfig: Setting CVar [[r.Shadow.MaxCSMResolution:2048]]
[2022.11.17-13.13.08:689][  0]LogConfig: Setting CVar [[r.Shadow.RadiusThreshold:0.01]]
[2022.11.17-13.13.08:689][  0]LogConfig: Setting CVar [[r.Shadow.DistanceScale:1.0]]
[2022.11.17-13.13.08:689][  0]LogConfig: Setting CVar [[r.Shadow.CSM.TransitionScale:1.0]]
[2022.11.17-13.13.08:689][  0]LogConfig: Setting CVar [[r.Shadow.PreShadowResolutionFactor:1.0]]
[2022.11.17-13.13.08:689][  0]LogConfig: Setting CVar [[r.DistanceFieldShadowing:1]]
[2022.11.17-13.13.08:689][  0]LogConfig: Setting CVar [[r.DistanceFieldAO:1]]
[2022.11.17-13.13.08:689][  0]LogConfig: Setting CVar [[r.AOQuality:2]]
[2022.11.17-13.13.08:689][  0]LogConfig: Setting CVar [[r.VolumetricFog:1]]
[2022.11.17-13.13.08:689][  0]LogConfig: Setting CVar [[r.VolumetricFog.GridPixelSize:8]]
[2022.11.17-13.13.08:689][  0]LogConfig: Setting CVar [[r.VolumetricFog.GridSizeZ:128]]
[2022.11.17-13.13.08:689][  0]LogConfig: Setting CVar [[r.VolumetricFog.HistoryMissSupersampleCount:4]]
[2022.11.17-13.13.08:689][  0]LogConfig: Setting CVar [[r.LightMaxDrawDistanceScale:1]]
[2022.11.17-13.13.08:689][  0]LogConfig: Setting CVar [[r.CapsuleShadows:1]]
[2022.11.17-13.13.08:689][  0]LogConfig: Applying CVar settings from Section [PostProcessQuality@3] File [F:/Github/Data-Wing-UE-4.27.1/DataWing/Saved/Config/Windows/Scalability.ini]
[2022.11.17-13.13.08:689][  0]LogConfig: Setting CVar [[r.MotionBlurQuality:4]]
[2022.11.17-13.13.08:689][  0]LogConfig: Setting CVar [[r.AmbientOcclusionMipLevelFactor:0.4]]
[2022.11.17-13.13.08:689][  0]LogConfig: Setting CVar [[r.AmbientOcclusionMaxQuality:100]]
[2022.11.17-13.13.08:689][  0]LogConfig: Setting CVar [[r.AmbientOcclusionLevels:-1]]
[2022.11.17-13.13.08:689][  0]LogConfig: Setting CVar [[r.AmbientOcclusionRadiusScale:1.0]]
[2022.11.17-13.13.08:689][  0]LogConfig: Setting CVar [[r.DepthOfFieldQuality:2]]
[2022.11.17-13.13.08:689][  0]LogConfig: Setting CVar [[r.RenderTargetPoolMin:400]]
[2022.11.17-13.13.08:689][  0]LogConfig: Setting CVar [[r.LensFlareQuality:2]]
[2022.11.17-13.13.08:689][  0]LogConfig: Setting CVar [[r.SceneColorFringeQuality:1]]
[2022.11.17-13.13.08:689][  0]LogConfig: Setting CVar [[r.EyeAdaptationQuality:2]]
[2022.11.17-13.13.08:689][  0]LogConfig: Setting CVar [[r.BloomQuality:5]]
[2022.11.17-13.13.08:689][  0]LogConfig: Setting CVar [[r.FastBlurThreshold:100]]
[2022.11.17-13.13.08:689][  0]LogConfig: Setting CVar [[r.Upscale.Quality:3]]
[2022.11.17-13.13.08:689][  0]LogConfig: Setting CVar [[r.Tonemapper.GrainQuantization:1]]
[2022.11.17-13.13.08:689][  0]LogConfig: Setting CVar [[r.LightShaftQuality:1]]
[2022.11.17-13.13.08:689][  0]LogConfig: Setting CVar [[r.Filter.SizeScale:1]]
[2022.11.17-13.13.08:689][  0]LogConfig: Setting CVar [[r.Tonemapper.Quality:5]]
[2022.11.17-13.13.08:689][  0]LogConfig: Setting CVar [[r.DOF.Gather.AccumulatorQuality:1        ; higher gathering accumulator quality]]
[2022.11.17-13.13.08:689][  0]LogConfig: Setting CVar [[r.DOF.Gather.PostfilterMethod:1          ; Median3x3 postfilering method]]
[2022.11.17-13.13.08:689][  0]LogConfig: Setting CVar [[r.DOF.Gather.EnableBokehSettings:0       ; no bokeh simulation when gathering]]
[2022.11.17-13.13.08:689][  0]LogConfig: Setting CVar [[r.DOF.Gather.RingCount:4                 ; medium number of samples when gathering]]
[2022.11.17-13.13.08:689][  0]LogConfig: Setting CVar [[r.DOF.Scatter.ForegroundCompositing:1    ; additive foreground scattering]]
[2022.11.17-13.13.08:689][  0]LogConfig: Setting CVar [[r.DOF.Scatter.BackgroundCompositing:2    ; additive background scattering]]
[2022.11.17-13.13.08:689][  0]LogConfig: Setting CVar [[r.DOF.Scatter.EnableBokehSettings:1      ; bokeh simulation when scattering]]
[2022.11.17-13.13.08:689][  0]LogConfig: Setting CVar [[r.DOF.Scatter.MaxSpriteRatio:0.1         ; only a maximum of 10% of scattered bokeh]]
[2022.11.17-13.13.08:689][  0]LogConfig: Setting CVar [[r.DOF.Recombine.Quality:1                ; cheap slight out of focus]]
[2022.11.17-13.13.08:689][  0]LogConfig: Setting CVar [[r.DOF.Recombine.EnableBokehSettings:0    ; no bokeh simulation on slight out of focus]]
[2022.11.17-13.13.08:689][  0]LogConfig: Setting CVar [[r.DOF.TemporalAAQuality:1                ; more stable temporal accumulation]]
[2022.11.17-13.13.08:689][  0]LogConfig: Setting CVar [[r.DOF.Kernel.MaxForegroundRadius:0.025]]
[2022.11.17-13.13.08:689][  0]LogConfig: Setting CVar [[r.DOF.Kernel.MaxBackgroundRadius:0.025]]
[2022.11.17-13.13.08:689][  0]LogConfig: Applying CVar settings from Section [TextureQuality@3] File [F:/Github/Data-Wing-UE-4.27.1/DataWing/Saved/Config/Windows/Scalability.ini]
[2022.11.17-13.13.08:689][  0]LogConfig: Setting CVar [[r.Streaming.MipBias:0]]
[2022.11.17-13.13.08:689][  0]LogConfig: Setting CVar [[r.Streaming.AmortizeCPUToGPUCopy:0]]
[2022.11.17-13.13.08:689][  0]LogConfig: Setting CVar [[r.Streaming.MaxNumTexturesToStreamPerFrame:0]]
[2022.11.17-13.13.08:689][  0]LogConfig: Setting CVar [[r.Streaming.Boost:1]]
[2022.11.17-13.13.08:689][  0]LogConfig: Setting CVar [[r.MaxAnisotropy:8]]
[2022.11.17-13.13.08:689][  0]LogConfig: Setting CVar [[r.VT.MaxAnisotropy:8]]
[2022.11.17-13.13.08:689][  0]LogConfig: Setting CVar [[r.Streaming.LimitPoolSizeToVRAM:0]]
[2022.11.17-13.13.08:689][  0]LogConfig: Setting CVar [[r.Streaming.PoolSize:1000]]
[2022.11.17-13.13.08:689][  0]LogConfig: Setting CVar [[r.Streaming.MaxEffectiveScreenSize:0]]
[2022.11.17-13.13.08:689][  0]LogConfig: Applying CVar settings from Section [EffectsQuality@3] File [F:/Github/Data-Wing-UE-4.27.1/DataWing/Saved/Config/Windows/Scalability.ini]
[2022.11.17-13.13.08:689][  0]LogConfig: Setting CVar [[r.TranslucencyLightingVolumeDim:64]]
[2022.11.17-13.13.08:689][  0]LogConfig: Setting CVar [[r.RefractionQuality:2]]
[2022.11.17-13.13.08:689][  0]LogConfig: Setting CVar [[r.SSR.Quality:3]]
[2022.11.17-13.13.08:689][  0]LogConfig: Setting CVar [[r.SSR.HalfResSceneColor:0]]
[2022.11.17-13.13.08:689][  0]LogConfig: Setting CVar [[r.SceneColorFormat:4]]
[2022.11.17-13.13.08:689][  0]LogConfig: Setting CVar [[r.DetailMode:2]]
[2022.11.17-13.13.08:689][  0]LogConfig: Setting CVar [[r.TranslucencyVolumeBlur:1]]
[2022.11.17-13.13.08:689][  0]LogConfig: Setting CVar [[r.MaterialQualityLevel:1 ; High quality]]
[2022.11.17-13.13.08:689][  0]LogConfig: Setting CVar [[r.AnisotropicMaterials:1]]
[2022.11.17-13.13.08:689][  0]LogConfig: Setting CVar [[r.SSS.Scale:1]]
[2022.11.17-13.13.08:689][  0]LogConfig: Setting CVar [[r.SSS.SampleSet:2]]
[2022.11.17-13.13.08:689][  0]LogConfig: Setting CVar [[r.SSS.Quality:1]]
[2022.11.17-13.13.08:689][  0]LogConfig: Setting CVar [[r.SSS.HalfRes:0]]
[2022.11.17-13.13.08:689][  0]LogConfig: Setting CVar [[r.SSGI.Quality:3]]
[2022.11.17-13.13.08:689][  0]LogConfig: Setting CVar [[r.EmitterSpawnRateScale:1.0]]
[2022.11.17-13.13.08:689][  0]LogConfig: Setting CVar [[r.ParticleLightQuality:2]]
[2022.11.17-13.13.08:689][  0]LogConfig: Setting CVar [[r.SkyAtmosphere.AerialPerspectiveLUT.FastApplyOnOpaque:1 ; Always have FastSkyLUT 1 in this case to avoid wrong sky]]
[2022.11.17-13.13.08:689][  0]LogConfig: Setting CVar [[r.SkyAtmosphere.AerialPerspectiveLUT.SampleCountMaxPerSlice:4]]
[2022.11.17-13.13.08:689][  0]LogConfig: Setting CVar [[r.SkyAtmosphere.AerialPerspectiveLUT.DepthResolution:16.0]]
[2022.11.17-13.13.08:689][  0]LogConfig: Setting CVar [[r.SkyAtmosphere.FastSkyLUT:1]]
[2022.11.17-13.13.08:689][  0]LogConfig: Setting CVar [[r.SkyAtmosphere.FastSkyLUT.SampleCountMin:4.0]]
[2022.11.17-13.13.08:689][  0]LogConfig: Setting CVar [[r.SkyAtmosphere.FastSkyLUT.SampleCountMax:128.0]]
[2022.11.17-13.13.08:689][  0]LogConfig: Setting CVar [[r.SkyAtmosphere.SampleCountMin:4.0]]
[2022.11.17-13.13.08:689][  0]LogConfig: Setting CVar [[r.SkyAtmosphere.SampleCountMax:128.0]]
[2022.11.17-13.13.08:689][  0]LogConfig: Setting CVar [[r.SkyAtmosphere.TransmittanceLUT.UseSmallFormat:0]]
[2022.11.17-13.13.08:689][  0]LogConfig: Setting CVar [[r.SkyAtmosphere.TransmittanceLUT.SampleCount:10.0]]
[2022.11.17-13.13.08:689][  0]LogConfig: Setting CVar [[r.SkyAtmosphere.MultiScatteringLUT.SampleCount:15.0]]
[2022.11.17-13.13.08:689][  0]LogConfig: Setting CVar [[r.SkyLight.RealTimeReflectionCapture:1]]
[2022.11.17-13.13.08:689][  0]LogConfig: Applying CVar settings from Section [FoliageQuality@3] File [F:/Github/Data-Wing-UE-4.27.1/DataWing/Saved/Config/Windows/Scalability.ini]
[2022.11.17-13.13.08:689][  0]LogConfig: Setting CVar [[foliage.DensityScale:1.0]]
[2022.11.17-13.13.08:689][  0]LogConfig: Setting CVar [[grass.DensityScale:1.0]]
[2022.11.17-13.13.08:689][  0]LogConfig: Applying CVar settings from Section [ShadingQuality@3] File [F:/Github/Data-Wing-UE-4.27.1/DataWing/Saved/Config/Windows/Scalability.ini]
[2022.11.17-13.13.08:689][  0]LogConfig: Setting CVar [[r.HairStrands.SkyLighting.IntegrationType:2]]
[2022.11.17-13.13.08:689][  0]LogConfig: Setting CVar [[r.HairStrands.SkyAO.SampleCount:4]]
[2022.11.17-13.13.08:689][  0]LogConfig: Setting CVar [[r.HairStrands.Visibility.MSAA.SamplePerPixel:4]]
[2022.11.17-13.13.08:689][  0]LogInit: Selected Device Profile: [Windows]
[2022.11.17-13.13.08:689][  0]LogInit: Applying CVar settings loaded from the selected device profile: [Windows]
[2022.11.17-13.13.08:689][  0]LogHAL: Display: Platform has ~ 32 GB [34013499392 / 34359738368 / 32], which maps to Largest [LargestMinGB=32, LargerMinGB=12, DefaultMinGB=8, SmallerMinGB=6, SmallestMinGB=0)
[2022.11.17-13.13.08:689][  0]LogInit: Going up to parent DeviceProfile []
[2022.11.17-13.13.08:689][  0]LogConfig: Applying CVar settings from Section [ViewDistanceQuality@3] File [F:/Github/Data-Wing-UE-4.27.1/DataWing/Saved/Config/Windows/Scalability.ini]
[2022.11.17-13.13.08:689][  0]LogConfig: Setting CVar [[r.SkeletalMeshLODBias:0]]
[2022.11.17-13.13.08:689][  0]LogConfig: Setting CVar [[r.ViewDistanceScale:1.0]]
[2022.11.17-13.13.08:689][  0]LogConfig: Applying CVar settings from Section [AntiAliasingQuality@3] File [F:/Github/Data-Wing-UE-4.27.1/DataWing/Saved/Config/Windows/Scalability.ini]
[2022.11.17-13.13.08:689][  0]LogConfig: Setting CVar [[r.PostProcessAAQuality:4]]
[2022.11.17-13.13.08:689][  0]LogConfig: Applying CVar settings from Section [ShadowQuality@3] File [F:/Github/Data-Wing-UE-4.27.1/DataWing/Saved/Config/Windows/Scalability.ini]
[2022.11.17-13.13.08:689][  0]LogConfig: Setting CVar [[r.LightFunctionQuality:1]]
[2022.11.17-13.13.08:689][  0]LogConfig: Setting CVar [[r.ShadowQuality:5]]
[2022.11.17-13.13.08:689][  0]LogConfig: Setting CVar [[r.Shadow.CSM.MaxCascades:10]]
[2022.11.17-13.13.08:689][  0]LogConfig: Setting CVar [[r.Shadow.MaxResolution:2048]]
[2022.11.17-13.13.08:689][  0]LogConfig: Setting CVar [[r.Shadow.MaxCSMResolution:2048]]
[2022.11.17-13.13.08:689][  0]LogConfig: Setting CVar [[r.Shadow.RadiusThreshold:0.01]]
[2022.11.17-13.13.08:689][  0]LogConfig: Setting CVar [[r.Shadow.DistanceScale:1.0]]
[2022.11.17-13.13.08:689][  0]LogConfig: Setting CVar [[r.Shadow.CSM.TransitionScale:1.0]]
[2022.11.17-13.13.08:689][  0]LogConfig: Setting CVar [[r.Shadow.PreShadowResolutionFactor:1.0]]
[2022.11.17-13.13.08:689][  0]LogConfig: Setting CVar [[r.DistanceFieldShadowing:1]]
[2022.11.17-13.13.08:689][  0]LogConfig: Setting CVar [[r.DistanceFieldAO:1]]
[2022.11.17-13.13.08:689][  0]LogConfig: Setting CVar [[r.AOQuality:2]]
[2022.11.17-13.13.08:689][  0]LogConfig: Setting CVar [[r.VolumetricFog:1]]
[2022.11.17-13.13.08:689][  0]LogConfig: Setting CVar [[r.VolumetricFog.GridPixelSize:8]]
[2022.11.17-13.13.08:689][  0]LogConfig: Setting CVar [[r.VolumetricFog.GridSizeZ:128]]
[2022.11.17-13.13.08:689][  0]LogConfig: Setting CVar [[r.VolumetricFog.HistoryMissSupersampleCount:4]]
[2022.11.17-13.13.08:689][  0]LogConfig: Setting CVar [[r.LightMaxDrawDistanceScale:1]]
[2022.11.17-13.13.08:689][  0]LogConfig: Setting CVar [[r.CapsuleShadows:1]]
[2022.11.17-13.13.08:689][  0]LogConfig: Applying CVar settings from Section [PostProcessQuality@3] File [F:/Github/Data-Wing-UE-4.27.1/DataWing/Saved/Config/Windows/Scalability.ini]
[2022.11.17-13.13.08:689][  0]LogConfig: Setting CVar [[r.MotionBlurQuality:4]]
[2022.11.17-13.13.08:689][  0]LogConfig: Setting CVar [[r.AmbientOcclusionMipLevelFactor:0.4]]
[2022.11.17-13.13.08:689][  0]LogConfig: Setting CVar [[r.AmbientOcclusionMaxQuality:100]]
[2022.11.17-13.13.08:689][  0]LogConfig: Setting CVar [[r.AmbientOcclusionLevels:-1]]
[2022.11.17-13.13.08:689][  0]LogConfig: Setting CVar [[r.AmbientOcclusionRadiusScale:1.0]]
[2022.11.17-13.13.08:689][  0]LogConfig: Setting CVar [[r.DepthOfFieldQuality:2]]
[2022.11.17-13.13.08:689][  0]LogConfig: Setting CVar [[r.RenderTargetPoolMin:400]]
[2022.11.17-13.13.08:689][  0]LogConfig: Setting CVar [[r.LensFlareQuality:2]]
[2022.11.17-13.13.08:689][  0]LogConfig: Setting CVar [[r.SceneColorFringeQuality:1]]
[2022.11.17-13.13.08:689][  0]LogConfig: Setting CVar [[r.EyeAdaptationQuality:2]]
[2022.11.17-13.13.08:689][  0]LogConfig: Setting CVar [[r.BloomQuality:5]]
[2022.11.17-13.13.08:689][  0]LogConfig: Setting CVar [[r.FastBlurThreshold:100]]
[2022.11.17-13.13.08:689][  0]LogConfig: Setting CVar [[r.Upscale.Quality:3]]
[2022.11.17-13.13.08:689][  0]LogConfig: Setting CVar [[r.Tonemapper.GrainQuantization:1]]
[2022.11.17-13.13.08:689][  0]LogConfig: Setting CVar [[r.LightShaftQuality:1]]
[2022.11.17-13.13.08:689][  0]LogConfig: Setting CVar [[r.Filter.SizeScale:1]]
[2022.11.17-13.13.08:689][  0]LogConfig: Setting CVar [[r.Tonemapper.Quality:5]]
[2022.11.17-13.13.08:689][  0]LogConfig: Setting CVar [[r.DOF.Gather.AccumulatorQuality:1        ; higher gathering accumulator quality]]
[2022.11.17-13.13.08:689][  0]LogConfig: Setting CVar [[r.DOF.Gather.PostfilterMethod:1          ; Median3x3 postfilering method]]
[2022.11.17-13.13.08:690][  0]LogConfig: Setting CVar [[r.DOF.Gather.EnableBokehSettings:0       ; no bokeh simulation when gathering]]
[2022.11.17-13.13.08:690][  0]LogConfig: Setting CVar [[r.DOF.Gather.RingCount:4                 ; medium number of samples when gathering]]
[2022.11.17-13.13.08:690][  0]LogConfig: Setting CVar [[r.DOF.Scatter.ForegroundCompositing:1    ; additive foreground scattering]]
[2022.11.17-13.13.08:690][  0]LogConfig: Setting CVar [[r.DOF.Scatter.BackgroundCompositing:2    ; additive background scattering]]
[2022.11.17-13.13.08:690][  0]LogConfig: Setting CVar [[r.DOF.Scatter.EnableBokehSettings:1      ; bokeh simulation when scattering]]
[2022.11.17-13.13.08:690][  0]LogConfig: Setting CVar [[r.DOF.Scatter.MaxSpriteRatio:0.1         ; only a maximum of 10% of scattered bokeh]]
[2022.11.17-13.13.08:690][  0]LogConfig: Setting CVar [[r.DOF.Recombine.Quality:1                ; cheap slight out of focus]]
[2022.11.17-13.13.08:690][  0]LogConfig: Setting CVar [[r.DOF.Recombine.EnableBokehSettings:0    ; no bokeh simulation on slight out of focus]]
[2022.11.17-13.13.08:690][  0]LogConfig: Setting CVar [[r.DOF.TemporalAAQuality:1                ; more stable temporal accumulation]]
[2022.11.17-13.13.08:690][  0]LogConfig: Setting CVar [[r.DOF.Kernel.MaxForegroundRadius:0.025]]
[2022.11.17-13.13.08:690][  0]LogConfig: Setting CVar [[r.DOF.Kernel.MaxBackgroundRadius:0.025]]
[2022.11.17-13.13.08:690][  0]LogConfig: Applying CVar settings from Section [TextureQuality@3] File [F:/Github/Data-Wing-UE-4.27.1/DataWing/Saved/Config/Windows/Scalability.ini]
[2022.11.17-13.13.08:690][  0]LogConfig: Setting CVar [[r.Streaming.MipBias:0]]
[2022.11.17-13.13.08:690][  0]LogConfig: Setting CVar [[r.Streaming.AmortizeCPUToGPUCopy:0]]
[2022.11.17-13.13.08:690][  0]LogConfig: Setting CVar [[r.Streaming.MaxNumTexturesToStreamPerFrame:0]]
[2022.11.17-13.13.08:690][  0]LogConfig: Setting CVar [[r.Streaming.Boost:1]]
[2022.11.17-13.13.08:690][  0]LogConfig: Setting CVar [[r.MaxAnisotropy:8]]
[2022.11.17-13.13.08:690][  0]LogConfig: Setting CVar [[r.VT.MaxAnisotropy:8]]
[2022.11.17-13.13.08:690][  0]LogConfig: Setting CVar [[r.Streaming.LimitPoolSizeToVRAM:0]]
[2022.11.17-13.13.08:690][  0]LogConfig: Setting CVar [[r.Streaming.PoolSize:1000]]
[2022.11.17-13.13.08:690][  0]LogConfig: Setting CVar [[r.Streaming.MaxEffectiveScreenSize:0]]
[2022.11.17-13.13.08:690][  0]LogConfig: Applying CVar settings from Section [EffectsQuality@3] File [F:/Github/Data-Wing-UE-4.27.1/DataWing/Saved/Config/Windows/Scalability.ini]
[2022.11.17-13.13.08:690][  0]LogConfig: Setting CVar [[r.TranslucencyLightingVolumeDim:64]]
[2022.11.17-13.13.08:690][  0]LogConfig: Setting CVar [[r.RefractionQuality:2]]
[2022.11.17-13.13.08:690][  0]LogConfig: Setting CVar [[r.SSR.Quality:3]]
[2022.11.17-13.13.08:690][  0]LogConfig: Setting CVar [[r.SSR.HalfResSceneColor:0]]
[2022.11.17-13.13.08:690][  0]LogConfig: Setting CVar [[r.SceneColorFormat:4]]
[2022.11.17-13.13.08:690][  0]LogConfig: Setting CVar [[r.DetailMode:2]]
[2022.11.17-13.13.08:690][  0]LogConfig: Setting CVar [[r.TranslucencyVolumeBlur:1]]
[2022.11.17-13.13.08:690][  0]LogConfig: Setting CVar [[r.MaterialQualityLevel:1 ; High quality]]
[2022.11.17-13.13.08:690][  0]LogConfig: Setting CVar [[r.AnisotropicMaterials:1]]
[2022.11.17-13.13.08:690][  0]LogConfig: Setting CVar [[r.SSS.Scale:1]]
[2022.11.17-13.13.08:690][  0]LogConfig: Setting CVar [[r.SSS.SampleSet:2]]
[2022.11.17-13.13.08:690][  0]LogConfig: Setting CVar [[r.SSS.Quality:1]]
[2022.11.17-13.13.08:690][  0]LogConfig: Setting CVar [[r.SSS.HalfRes:0]]
[2022.11.17-13.13.08:690][  0]LogConfig: Setting CVar [[r.SSGI.Quality:3]]
[2022.11.17-13.13.08:690][  0]LogConfig: Setting CVar [[r.EmitterSpawnRateScale:1.0]]
[2022.11.17-13.13.08:690][  0]LogConfig: Setting CVar [[r.ParticleLightQuality:2]]
[2022.11.17-13.13.08:690][  0]LogConfig: Setting CVar [[r.SkyAtmosphere.AerialPerspectiveLUT.FastApplyOnOpaque:1 ; Always have FastSkyLUT 1 in this case to avoid wrong sky]]
[2022.11.17-13.13.08:690][  0]LogConfig: Setting CVar [[r.SkyAtmosphere.AerialPerspectiveLUT.SampleCountMaxPerSlice:4]]
[2022.11.17-13.13.08:690][  0]LogConfig: Setting CVar [[r.SkyAtmosphere.AerialPerspectiveLUT.DepthResolution:16.0]]
[2022.11.17-13.13.08:690][  0]LogConfig: Setting CVar [[r.SkyAtmosphere.FastSkyLUT:1]]
[2022.11.17-13.13.08:690][  0]LogConfig: Setting CVar [[r.SkyAtmosphere.FastSkyLUT.SampleCountMin:4.0]]
[2022.11.17-13.13.08:690][  0]LogConfig: Setting CVar [[r.SkyAtmosphere.FastSkyLUT.SampleCountMax:128.0]]
[2022.11.17-13.13.08:690][  0]LogConfig: Setting CVar [[r.SkyAtmosphere.SampleCountMin:4.0]]
[2022.11.17-13.13.08:690][  0]LogConfig: Setting CVar [[r.SkyAtmosphere.SampleCountMax:128.0]]
[2022.11.17-13.13.08:690][  0]LogConfig: Setting CVar [[r.SkyAtmosphere.TransmittanceLUT.UseSmallFormat:0]]
[2022.11.17-13.13.08:690][  0]LogConfig: Setting CVar [[r.SkyAtmosphere.TransmittanceLUT.SampleCount:10.0]]
[2022.11.17-13.13.08:690][  0]LogConfig: Setting CVar [[r.SkyAtmosphere.MultiScatteringLUT.SampleCount:15.0]]
[2022.11.17-13.13.08:690][  0]LogConfig: Setting CVar [[r.SkyLight.RealTimeReflectionCapture:1]]
[2022.11.17-13.13.08:690][  0]LogConfig: Applying CVar settings from Section [FoliageQuality@3] File [F:/Github/Data-Wing-UE-4.27.1/DataWing/Saved/Config/Windows/Scalability.ini]
[2022.11.17-13.13.08:690][  0]LogConfig: Setting CVar [[foliage.DensityScale:1.0]]
[2022.11.17-13.13.08:690][  0]LogConfig: Setting CVar [[grass.DensityScale:1.0]]
[2022.11.17-13.13.08:690][  0]LogConfig: Applying CVar settings from Section [ShadingQuality@3] File [F:/Github/Data-Wing-UE-4.27.1/DataWing/Saved/Config/Windows/Scalability.ini]
[2022.11.17-13.13.08:690][  0]LogConfig: Setting CVar [[r.HairStrands.SkyLighting.IntegrationType:2]]
[2022.11.17-13.13.08:690][  0]LogConfig: Setting CVar [[r.HairStrands.SkyAO.SampleCount:4]]
[2022.11.17-13.13.08:690][  0]LogConfig: Setting CVar [[r.HairStrands.Visibility.MSAA.SamplePerPixel:4]]
[2022.11.17-13.13.08:690][  0]LogConfig: Applying CVar settings from Section [Startup] File [../../../Engine/Config/ConsoleVariables.ini]
[2022.11.17-13.13.08:690][  0]LogConfig: Setting CVar [[net.UseAdaptiveNetUpdateFrequency:0]]
[2022.11.17-13.13.08:690][  0]LogConfig: Setting CVar [[p.chaos.AllowCreatePhysxBodies:1]]
[2022.11.17-13.13.08:690][  0]LogConfig: Setting CVar [[fx.SkipVectorVMBackendOptimizations:1]]
[2022.11.17-13.13.08:690][  0]LogConfig: Applying CVar settings from Section [ConsoleVariables] File [F:/Github/Data-Wing-UE-4.27.1/DataWing/Saved/Config/Windows/Engine.ini]
[2022.11.17-13.13.08:690][  0]LogConfig: Applying CVar settings from Section [ConsoleVariables] File [F:/Github/Data-Wing-UE-4.27.1/DataWing/Saved/Config/Windows/Editor.ini]
[2022.11.17-13.13.08:690][  0]LogInit: Computer: CIMBEZ-C2329P9K
[2022.11.17-13.13.08:690][  0]LogInit: User: EDUSERVICES
[2022.11.17-13.13.08:690][  0]LogInit: CPU Page size=4096, Cores=12
[2022.11.17-13.13.08:690][  0]LogInit: High frequency timer resolution =10.000000 MHz
[2022.11.17-13.13.08:690][  0]LogMemory: Memory total: Physical=31.7GB (32GB approx)
[2022.11.17-13.13.08:690][  0]LogMemory: Platform Memory Stats for Windows
[2022.11.17-13.13.08:690][  0]LogMemory: Process Physical Memory: 148.57 MB used, 148.57 MB peak
[2022.11.17-13.13.08:690][  0]LogMemory: Process Virtual Memory: 132.45 MB used, 132.45 MB peak
[2022.11.17-13.13.08:690][  0]LogMemory: Physical Memory: 9468.10 MB used,  22969.70 MB free, 32437.80 MB total
[2022.11.17-13.13.08:690][  0]LogMemory: Virtual Memory: 134193000.00 MB used,  24729.47 MB free, 134217728.00 MB total
[2022.11.17-13.13.08:693][  0]LogWindows: WindowsPlatformFeatures enabled
[2022.11.17-13.13.08:713][  0]LogInit: Physics initialised using underlying interface: PhysX
[2022.11.17-13.13.08:714][  0]LogInit: Using OS detected language (fr-FR).
[2022.11.17-13.13.08:714][  0]LogInit: Using OS detected locale (fr-FR).
[2022.11.17-13.13.08:715][  0]LogTextLocalizationManager: No specific localization for 'fr-FR' exists, so the 'fr' localization will be used.
[2022.11.17-13.13.08:715][  0]LogTextLocalizationResource: LocRes '../../../Engine/Content/Localization/Editor/fr/Editor.locres' could not be opened for reading!
[2022.11.17-13.13.08:715][  0]LogTextLocalizationResource: LocRes '../../../Engine/Content/Localization/EditorTutorials/fr/EditorTutorials.locres' could not be opened for reading!
[2022.11.17-13.13.08:715][  0]LogTextLocalizationResource: LocRes '../../../Engine/Content/Localization/Keywords/fr/Keywords.locres' could not be opened for reading!
[2022.11.17-13.13.08:715][  0]LogTextLocalizationResource: LocRes '../../../Engine/Content/Localization/Category/fr/Category.locres' could not be opened for reading!
[2022.11.17-13.13.08:715][  0]LogTextLocalizationResource: LocRes '../../../Engine/Content/Localization/ToolTips/fr/ToolTips.locres' could not be opened for reading!
[2022.11.17-13.13.08:715][  0]LogTextLocalizationResource: LocRes '../../../Engine/Content/Localization/PropertyNames/fr/PropertyNames.locres' could not be opened for reading!
[2022.11.17-13.13.08:715][  0]LogTextLocalizationResource: LocRes '../../../Engine/Content/Localization/Engine/fr/Engine.locres' could not be opened for reading!
[2022.11.17-13.13.08:715][  0]LogInit: Setting process to per monitor DPI aware
[2022.11.17-13.13.08:722][  0]LogWindowsTextInputMethodSystem: Display: IME system deactivated.
[2022.11.17-13.13.08:734][  0]LogSlate: New Slate User Created.  User Index 0, Is Virtual User: 0
[2022.11.17-13.13.08:734][  0]LogSlate: Slate User Registered.  User Index 0, Is Virtual User: 0
[2022.11.17-13.13.08:787][  0]LogD3D11RHI: Loaded GFSDK_Aftermath_Lib.x64.dll
[2022.11.17-13.13.08:789][  0]LogHMD: Failed to initialize OpenVR with code 110
[2022.11.17-13.13.08:789][  0]LogD3D11RHI: D3D11 min allowed feature level: 11_0
[2022.11.17-13.13.08:789][  0]LogD3D11RHI: D3D11 max allowed feature level: 11_0
[2022.11.17-13.13.08:789][  0]LogD3D11RHI: D3D11 adapters:
[2022.11.17-13.13.08:874][  0]LogD3D11RHI:    0. 'NVIDIA GeForce RTX 3060' (Feature Level 11_0)
[2022.11.17-13.13.08:874][  0]LogD3D11RHI:       12129/0/16218 MB DedicatedVideo/DedicatedSystem/SharedSystem, Outputs:1, VendorId:0x10de
[2022.11.17-13.13.08:875][  0]LogD3D11RHI:    1. 'Microsoft Basic Render Driver' (Feature Level 11_0)
[2022.11.17-13.13.08:875][  0]LogD3D11RHI:       0/0/16218 MB DedicatedVideo/DedicatedSystem/SharedSystem, Outputs:0, VendorId:0x1414
[2022.11.17-13.13.08:875][  0]LogD3D11RHI: Chosen D3D11 Adapter:
[2022.11.17-13.13.08:875][  0]LogD3D11RHI:     Description : NVIDIA GeForce RTX 3060
[2022.11.17-13.13.08:875][  0]LogD3D11RHI:     VendorId    : 10de
[2022.11.17-13.13.08:875][  0]LogD3D11RHI:     DeviceId    : 2504
[2022.11.17-13.13.08:875][  0]LogD3D11RHI:     SubSysId    : 8904103c
[2022.11.17-13.13.08:875][  0]LogD3D11RHI:     Revision    : 00a1
[2022.11.17-13.13.08:875][  0]LogD3D11RHI:     DedicatedVideoMemory : 12718178304 bytes
[2022.11.17-13.13.08:875][  0]LogD3D11RHI:     DedicatedSystemMemory : 0 bytes
[2022.11.17-13.13.08:875][  0]LogD3D11RHI:     SharedSystemMemory : 17006749696 bytes
[2022.11.17-13.13.08:875][  0]LogD3D11RHI:     AdapterLuid : 0 60602
[2022.11.17-13.13.08:880][  0]LogD3D11RHI: Creating new Direct3DDevice
[2022.11.17-13.13.08:880][  0]LogD3D11RHI:     GPU DeviceId: 0x2504 (for the marketing name, search the web for "GPU Device Id")
[2022.11.17-13.13.08:880][  0]LogWindows: EnumDisplayDevices:
[2022.11.17-13.13.08:880][  0]LogWindows:    0. 'NVIDIA GeForce RTX 3060' (P:1 D:1)
[2022.11.17-13.13.08:880][  0]LogWindows:    1. 'NVIDIA GeForce RTX 3060' (P:0 D:0)
[2022.11.17-13.13.08:880][  0]LogWindows:    2. 'NVIDIA GeForce RTX 3060' (P:0 D:0)
[2022.11.17-13.13.08:881][  0]LogWindows:    3. 'NVIDIA GeForce RTX 3060' (P:0 D:0)
[2022.11.17-13.13.08:881][  0]LogWindows: DebugString: FoundDriverCount:4 
[2022.11.17-13.13.08:881][  0]LogD3D11RHI:     Adapter Name: NVIDIA GeForce RTX 3060
[2022.11.17-13.13.08:881][  0]LogD3D11RHI:   Driver Version: 526.86 (internal:31.0.15.2686, unified:526.86)
[2022.11.17-13.13.08:881][  0]LogD3D11RHI:      Driver Date: 11-8-2022
[2022.11.17-13.13.08:881][  0]LogRHI: Texture pool is 8490 MB (70% of 12129 MB)
[2022.11.17-13.13.08:881][  0]LogD3D11RHI: Creating D3DDevice using adapter:
[2022.11.17-13.13.08:881][  0]LogD3D11RHI:     Description : NVIDIA GeForce RTX 3060
[2022.11.17-13.13.08:881][  0]LogD3D11RHI:     VendorId    : 10de
[2022.11.17-13.13.08:881][  0]LogD3D11RHI:     DeviceId    : 2504
[2022.11.17-13.13.08:881][  0]LogD3D11RHI:     SubSysId    : 8904103c
[2022.11.17-13.13.08:881][  0]LogD3D11RHI:     Revision    : 00a1
[2022.11.17-13.13.08:881][  0]LogD3D11RHI:     DedicatedVideoMemory : 12718178304 bytes
[2022.11.17-13.13.08:881][  0]LogD3D11RHI:     DedicatedSystemMemory : 0 bytes
[2022.11.17-13.13.08:881][  0]LogD3D11RHI:     SharedSystemMemory : 17006749696 bytes
[2022.11.17-13.13.08:881][  0]LogD3D11RHI:     AdapterLuid : 0 60602
[2022.11.17-13.13.08:926][  0]LogD3D11RHI: RHI has support for 64 bit atomics
[2022.11.17-13.13.08:926][  0]LogD3D11RHI: Async texture creation enabled
[2022.11.17-13.13.08:926][  0]LogD3D11RHI: Array index from any shader is supported
[2022.11.17-13.13.08:943][  0]LogD3D11RHI: GPU Timing Frequency: 1000.000000 (Debug: 2 2)
[2022.11.17-13.13.08:957][  0]LogRHI: GeForceNow SDK initialized: 1
[2022.11.17-13.13.09:128][  0]LogTargetPlatformManager: Display: Loaded TargetPlatform 'AllDesktop'
[2022.11.17-13.13.09:143][  0]LogTargetPlatformManager: Display: Loaded TargetPlatform 'Android'
[2022.11.17-13.13.09:143][  0]LogTargetPlatformManager: Display: Loaded TargetPlatform 'Android_ASTC'
[2022.11.17-13.13.09:143][  0]LogTargetPlatformManager: Display: Loaded TargetPlatform 'Android_DXT'
[2022.11.17-13.13.09:143][  0]LogTargetPlatformManager: Display: Loaded TargetPlatform 'Android_ETC2'
[2022.11.17-13.13.09:143][  0]LogTargetPlatformManager: Display: Loaded TargetPlatform 'AndroidClient'
[2022.11.17-13.13.09:143][  0]LogTargetPlatformManager: Display: Loaded TargetPlatform 'Android_ASTCClient'
[2022.11.17-13.13.09:143][  0]LogTargetPlatformManager: Display: Loaded TargetPlatform 'Android_DXTClient'
[2022.11.17-13.13.09:143][  0]LogTargetPlatformManager: Display: Loaded TargetPlatform 'Android_ETC2Client'
[2022.11.17-13.13.09:143][  0]LogTargetPlatformManager: Display: Loaded TargetPlatform 'Android_Multi'
[2022.11.17-13.13.09:143][  0]LogTargetPlatformManager: Display: Loaded TargetPlatform 'Android_MultiClient'
[2022.11.17-13.13.09:153][  0]LogTargetPlatformManager: Display: Loaded TargetPlatform 'IOSClient'
[2022.11.17-13.13.09:153][  0]LogTargetPlatformManager: Display: Loaded TargetPlatform 'IOS'
[2022.11.17-13.13.09:159][  0]LogTargetPlatformManager: Display: Loaded TargetPlatform 'Linux'
[2022.11.17-13.13.09:161][  0]LogTargetPlatformManager: Display: Loaded TargetPlatform 'LinuxNoEditor'
[2022.11.17-13.13.09:163][  0]LogTargetPlatformManager: Display: Loaded TargetPlatform 'LinuxClient'
[2022.11.17-13.13.09:166][  0]LogTargetPlatformManager: Display: Loaded TargetPlatform 'LinuxServer'
[2022.11.17-13.13.09:171][  0]LogTargetPlatformManager: Display: Loaded TargetPlatform 'LinuxAArch64NoEditor'
[2022.11.17-13.13.09:173][  0]LogTargetPlatformManager: Display: Loaded TargetPlatform 'LinuxAArch64Client'
[2022.11.17-13.13.09:175][  0]LogTargetPlatformManager: Display: Loaded TargetPlatform 'LinuxAArch64Server'
[2022.11.17-13.13.09:187][  0]LogTargetPlatformManager: Display: Loaded TargetPlatform 'Lumin'
[2022.11.17-13.13.09:187][  0]LogTargetPlatformManager: Display: Loaded TargetPlatform 'LuminClient'
[2022.11.17-13.13.09:192][  0]LogTargetPlatformManager: Display: Loaded TargetPlatform 'MacNoEditor'
[2022.11.17-13.13.09:194][  0]LogTargetPlatformManager: Display: Loaded TargetPlatform 'Mac'
[2022.11.17-13.13.09:196][  0]LogTargetPlatformManager: Display: Loaded TargetPlatform 'MacClient'
[2022.11.17-13.13.09:198][  0]LogTargetPlatformManager: Display: Loaded TargetPlatform 'MacServer'
[2022.11.17-13.13.09:204][  0]LogTargetPlatformManager: Display: Loaded TargetPlatform 'TVOSClient'
[2022.11.17-13.13.09:204][  0]LogTargetPlatformManager: Display: Loaded TargetPlatform 'TVOS'
[2022.11.17-13.13.09:208][  0]LogTargetPlatformManager: Display: Loaded TargetPlatform 'WindowsNoEditor'
[2022.11.17-13.13.09:210][  0]LogTargetPlatformManager: Display: Loaded TargetPlatform 'Windows'
[2022.11.17-13.13.09:212][  0]LogTargetPlatformManager: Display: Loaded TargetPlatform 'WindowsClient'
[2022.11.17-13.13.09:215][  0]LogTargetPlatformManager: Display: Loaded TargetPlatform 'WindowsServer'
[2022.11.17-13.13.09:215][  0]LogTargetPlatformManager: Display: Building Assets For Windows
[2022.11.17-13.13.09:218][  0]LogAudioDebug: Display: Lib vorbis DLL was dynamically loaded.
[2022.11.17-13.13.09:231][  0]LogTextureFormatOodle: Display: Oodle Texture 2.9.0 init RDO Off
[2022.11.17-13.13.09:245][  0]LogRendererCore: Ray tracing is disabled. Reason: r.RayTracing=0.
[2022.11.17-13.13.09:245][  0]LogShaderCompilers: Guid format shader working directory is -16 characters bigger than the processId version (../../../../../../Github/Data-Wing-UE-4.27.1/DataWing/Intermediate/Shaders/WorkingDirectory/21628/).
[2022.11.17-13.13.09:245][  0]LogShaderCompilers: Cleaned the shader compiler working directory 'D:/SMI/AppData/Local/Temp/UnrealShaderWorkingDir/FC01C18A46BA601227C51F8B6B1A40C7/'.
[2022.11.17-13.13.09:246][  0]LogXGEController: Cannot use XGE Controller as Incredibuild is not installed on this machine.
[2022.11.17-13.13.09:246][  0]LogShaderCompilers: Cannot use XGE Shader Compiler as Incredibuild is not installed on this machine.
[2022.11.17-13.13.09:246][  0]LogShaderCompilers: Display: Using Local Shader Compiler.
[2022.11.17-13.13.09:729][  0]LogDerivedDataCache: Display: Max Cache Size: 512 MB
[2022.11.17-13.13.09:768][  0]LogDerivedDataCache: Loaded boot cache 0.04s 94MB D:/SMI/AppData/Local/UnrealEngine/4.27/DerivedDataCache/Boot.ddc.
[2022.11.17-13.13.09:768][  0]LogDerivedDataCache: Display: Loaded Boot cache: D:/SMI/AppData/Local/UnrealEngine/4.27/DerivedDataCache/Boot.ddc
[2022.11.17-13.13.09:768][  0]LogDerivedDataCache: FDerivedDataBackendGraph:  Pak pak cache file ../../../../../../Github/Data-Wing-UE-4.27.1/DataWing/DerivedDataCache/DDC.ddp not found, will not use a pak cache.
[2022.11.17-13.13.09:768][  0]LogDerivedDataCache: Unable to find inner node Pak for hierarchical cache Hierarchy.
[2022.11.17-13.13.09:768][  0]LogDerivedDataCache: FDerivedDataBackendGraph:  CompressedPak pak cache file ../../../../../../Github/Data-Wing-UE-4.27.1/DataWing/DerivedDataCache/Compressed.ddp not found, will not use a pak cache.
[2022.11.17-13.13.09:768][  0]LogDerivedDataCache: Unable to find inner node CompressedPak for hierarchical cache Hierarchy.
[2022.11.17-13.13.09:779][  0]LogDerivedDataCache: Display: Pak cache opened for reading ../../../Engine/DerivedDataCache/Compressed.ddp.
[2022.11.17-13.13.09:779][  0]LogDerivedDataCache: FDerivedDataBackendGraph:  EnterprisePak pak cache file ../../../Enterprise/DerivedDataCache/Compressed.ddp not found, will not use a pak cache.
[2022.11.17-13.13.09:779][  0]LogDerivedDataCache: Unable to find inner node EnterprisePak for hierarchical cache Hierarchy.
[2022.11.17-13.13.09:787][  0]LogDerivedDataCache: Speed tests for D:/SMI/AppData/Local/UnrealEngine/Common/DerivedDataCache took 0.01 seconds
[2022.11.17-13.13.09:787][  0]LogDerivedDataCache: Display: Performance to D:/SMI/AppData/Local/UnrealEngine/Common/DerivedDataCache: Latency=0.01ms. RandomReadSpeed=2440.77MBs, RandomWriteSpeed=134.46MBs. Assigned SpeedClass 'Local'
[2022.11.17-13.13.09:788][  0]LogDerivedDataCache: Using Local data cache path D:/SMI/AppData/Local/UnrealEngine/Common/DerivedDataCache: Writable
[2022.11.17-13.13.09:788][  0]LogDerivedDataCache: Shared data cache path not found in *engine.ini, will not use an Shared cache.
[2022.11.17-13.13.09:788][  0]LogDerivedDataCache: Unable to find inner node Shared for hierarchical cache Hierarchy.
[2022.11.17-13.13.09:814][  0]LogSlate: Using FreeType 2.10.0
[2022.11.17-13.13.09:815][  0]LogSlate: SlateFontServices - WITH_FREETYPE: 1, WITH_HARFBUZZ: 1
[2022.11.17-13.13.09:831][  0]LogAssetRegistry: FAssetRegistry took 0.0018 seconds to start up
[2022.11.17-13.13.09:987][  0]LogInit: Selected Device Profile: [Windows]
[2022.11.17-13.13.09:987][  0]LogInit: Active device profile: [0000022291DFC900][000002228FECA380 49] Windows
[2022.11.17-13.13.09:987][  0]LogInit: Profiles: [0000022291DFC900][000002228FECA380 49] Windows, [0000022291DC7800][0000022292136500 49] WindowsNoEditor, [0000022291DFF500][0000022292132640 49] WindowsServer, [0000022291DC4E00][000002229213A780 49] WindowsClient, [0000022291DFF800][000002229213E8C0 49] IOS, [0000022291DC6800][0000022292146A40 49] iPadAir, [0000022291DFE000][000002229214ABC0 49] iPadAir2, [0000022291D6CA00][0000022292152E80 49] IPadPro, [0000022291D6CB00][000002229214EEC0 49] iPadAir3, [0000022291DC5900][0000022292157040 49] iPadAir4, [0000022291D6F400][000002229215B1C0 49] iPadMini2, [0000022291DC6A00][000002229215F340 49] iPadMini3, [0000022291D6D700][00000222921634C0 49] iPadMini4, [0000022291DFD100][0000022292167640 49] iPadMini5, [0000022291D80300][000002229216F900 49] iPhone6, [0000022291D80400][000002229216B940 49] iPodTouch6, [0000022291D63F00][0000022292177C00 49] iPhone7, [0000022291D63E00][00000222921720C0 49] iPodTouch7, [0000022291DC6000][000002229217A240 49] iPhone5S, [0000022291D61A00][000002229217E3C0 49] iPhone6Plus, [0000022291D80200][0000022292182540 49] iPhone6S, [0000022291D60600][00000222921866C0 49] iPhone6SPlus, [0000022291D82900][0000022292142800 49] iPhone7Plus, [0000022291D63100][000002229218A940 49] iPhoneSE, [0000022291D82200][000002229218EA80 49] iPhone8, [0000022291D63B00][0000022292192BC0 49] iPhone8Plus, [0000022291D80A00][000002229219AD40 49] iPhoneX, [0000022291D61400][000002229219EEC0 49] iPhoneXS, [0000022291D83900][00000222921A3040 49] iPhoneXSMax, [0000022291D60900][00000222921A71C0 49] iPhoneXR, [0000022291D82F00][00000222921AB340 49] iPhone11, [0000022291D61300][00000222921AF4C0 49] iPhone11Pro, [0000022291D81000][00000222921B3640 49] iPhone11ProMax, [0000022291D62A00][00000222921B77C0 49] iPhoneSE2, [0000022291D81400][00000222921BB940 49] iPhone12Mini, [0000022291D62400][00000222921BFAC0 49] iPhone12, [0000022291D80D00][00000222921C20C0 49] iPhone12Pro, [0000022291D62B00][00000222921C6240 49] iPhone12ProMax, [0000022291D83000][00000222921CA3C0 49] iPadPro105, [0000022291D60700][00000222921CE540 49] iPadPro129, [0000022291D82800][00000222921D26C0 49] iPadPro97, [0000022291D62600][00000222921D6840 49] iPadPro2_129, [0000022291D83C00][0000022292196980 49] iPad5, [0000022291D62200][00000222921DAAC0 49] iPad6, [0000022291D80F00][00000222921DEC00 49] iPad7, [0000022291D62D00][00000222921E2D40 49] iPad8, [0000022291D81100][00000222921EAEC0 49] iPadPro11, [0000022291D61600][00000222921EF040 49] iPadPro2_11, [0000022291D83400][00000222921F31C0 49] iPadPro3_129, [0000022291D62800][00000222921F7340 49] iPadPro4_129, [0000022291D83A00][00000222921FB4C0 49] AppleTV, [0000022291D62100][00000222921FF640 49] AppleTV4K, [0000022291D81F00][00000222922037C0 49] TVOS, [0000022291D63400][0000022292207940 49] Mac, [0000022291D83800][000002229220BAC0 49] MacClient, [0000022291D61E00][000002229220E0C0 49] MacNoEditor, [0000022291D83F00][0000022292212240 49] MacServer, [0000022291D63500][00000222922163C0 49] Linux, [0000022291D80C00][000002229221A540 49] LinuxAArch64, [0000022291D62F00][000002229221E6C0 49] LinuxNoEditor, [0000022291D80B00][0000022292222840 49] LinuxAArch64NoEditor, [0000022291D63700][00000222922269C0 49] LinuxClient, [0000022291D81A00][000002229222AB40 49] LinuxAArch64Client, [0000022291D61000][00000222921E6C80 49] LinuxServer, [0000022291D82500][000002229222EDC0 49] LinuxAArch64Server, [0000022291D61900][0000022292232F00 49] Android, [0000022291D81300][000002229223B080 49] Android_Low, [0000022291D62700][000002229223F200 49] Android_Mid, [0000022291D82B00][0000022292243380 49] Android_High, [0000022291D63800][0000022292247500 49] Android_Default, [0000022291D81600][000002229224B680 49] Android_Adreno4xx, [0000022291D61500][000002229224F800 49] Android_Adreno5xx_Low, [0000022291D6F600][0000022292253980 49] Android_Adreno5xx, [0000022291DC5800][0000022292257B00 49] Android_Adreno6xx, [0000022291D6D200][000002229225A100 49] Android_Adreno6xx_Vulkan, [0000022291DC7C00][000002229225E280 49] Android_Mali_T6xx, [0000022291D6D100][0000022292262400 49] Android_Mali_T7xx, [0000022291DC5600][0000022292266580 49] Android_Mali_T8xx, [0000022291D6DE00][000002229226A700 49] Android_Mali_G71, [0000022291DC4500][000002229226E880 49] Android_Mali_G72, [0000022291D6C800][0000022292272A00 49] Android_Mali_G72_Vulkan, [0000022291DC5300][0000022292276B80 49] Android_Mali_G76, [0000022291D6C100][000002229227AD00 49] Android_Mali_G76_Vulkan, [0000022291DC5F00][0000022292236E40 49] Android_Mali_G77, [0000022291D6D000][000002229227EF80 49] Android_Mali_G77_Vulkan, [0000022291DC4A00][00000222922830C0 49] Android_Mali_G78, [0000022291D6EC00][000002229228B240 49] Android_Mali_G78_Vulkan, [0000022291DC7600][000002229228F3C0 49] Android_Mali_G710, [0000022291D6EA00][0000022292293540 49] Android_Mali_G710_Vulkan, [0000022291DC7F00][00000222922976C0 49] Android_Vulkan_SM5, [0000022291D6FB00][000002229229B840 49] Android_PowerVR_G6xxx, [0000022291DC7B00][000002229229F9C0 49] Android_PowerVR_GT7xxx, [0000022291D6F900][00000222922A3B40 49] Android_PowerVR_GE8xxx, [0000022291DC4C00][00000222922A6140 49] Android_PowerVR_GM9xxx, [0000022291D6E700][00000222922AA2C0 49] Android_PowerVR_GM9xxx_Vulkan, [0000022291DC6700][00000222922AE440 49] Android_TegraK1, [0000022291D6C900][00000222922B25C0 49] Android_Unknown_Vulkan, [0000022291DC5D00][00000222922B6740 49] Lumin, [0000022291D6C500][00000222922BA8C0 49] Lumin_Desktop, [0000022291DC7300][00000222922BEA40 49] HoloLens, 
[2022.11.17-13.13.10:079][  0]LogMeshReduction: Using QuadricMeshReduction for automatic static mesh reduction
[2022.11.17-13.13.10:079][  0]LogMeshReduction: Using SimplygonMeshReduction for automatic skeletal mesh reduction
[2022.11.17-13.13.10:079][  0]LogMeshReduction: Using ProxyLODMeshReduction for automatic mesh merging
[2022.11.17-13.13.10:079][  0]LogMeshReduction: No distributed automatic mesh merging module available
[2022.11.17-13.13.10:079][  0]LogMeshMerging: No distributed automatic mesh merging module available
[2022.11.17-13.13.10:089][  0]LogNetVersion: DataWing 1.0.0, NetCL: 17155196, EngineNetVer: 17, GameNetVer: 0 (Checksum: 2336289663)
[2022.11.17-13.13.10:362][  0]LogTexture: Default maximum texture size for cubemaps generated from long-lat sources has been changed from 512 to unlimited. In order to preserve old behaiour for '/Engine/MapTemplates/Sky/DaylightAmbientCubemap.DaylightAmbientCubemap', its maximum texture size has been explicitly set to 512.
[2022.11.17-13.13.10:408][  0]LogHMD: PokeAHoleMaterial loaded successfully
[2022.11.17-13.13.10:413][  0]LogUObjectArray: 17178 objects as part of root set at end of initial load.
[2022.11.17-13.13.10:413][  0]LogUObjectAllocator: 4302048 out of 0 bytes used by permanent object pool.
[2022.11.17-13.13.10:413][  0]LogUObjectArray: CloseDisregardForGC: 0/0 objects in disregard for GC pool
[2022.11.17-13.13.10:591][  0]LogPython: Using Python 3.7.7
[2022.11.17-13.13.10:973][  0]LogUdpMessaging: Initializing bridge on interface 0.0.0.0:0 to multicast group 230.0.0.1:6666.
[2022.11.17-13.13.10:977][  0]LogTcpMessaging: Initializing TcpMessaging bridge
[2022.11.17-13.13.11:009][  0]LogNiagaraDebuggerClient: Niagara Debugger Client Initialized | Session: 4526D9F94FEF3C5EC2EEE79CC6481C39 | Instance: 0E1FA80E4F2BA0CADA6636977A1A2857 (CIMBEZ-C2329P9K-21628).
[2022.11.17-13.13.11:085][  0]SourceControl: Source control is disabled
[2022.11.17-13.13.11:085][  0]SourceControl: Source control is disabled
[2022.11.17-13.13.11:087][  0]SourceControl: Source control is disabled
[2022.11.17-13.13.11:089][  0]SourceControl: Source control is disabled
[2022.11.17-13.13.11:094][  0]LogUProjectInfo: Found projects:
[2022.11.17-13.13.11:098][  0]SourceControl: Source control is disabled
[2022.11.17-13.13.11:183][  0]LogOpenImageDenoise: OIDN starting up
[2022.11.17-13.13.11:205][  0]LogAndroidPermission: UAndroidPermissionCallbackProxy::GetInstance
[2022.11.17-13.13.11:215][  0]LogAudioCaptureCore: Display: No Audio Capture implementations found. Audio input will be silent.
[2022.11.17-13.13.11:215][  0]LogAudioCaptureCore: Display: No Audio Capture implementations found. Audio input will be silent.
[2022.11.17-13.13.11:291][  0]LogCollectionManager: Loaded 0 collections in 0.000376 seconds
[2022.11.17-13.13.11:304][  0]LogFileCache: Scanning file cache for directory 'F:/Github/Data-Wing-UE-4.27.1/DataWing/Saved/Collections/' took 0.00s
[2022.11.17-13.13.11:304][  0]LogFileCache: Scanning file cache for directory 'F:/Github/Data-Wing-UE-4.27.1/DataWing/Content/Developers/EDUSERVICES/Collections/' took 0.00s
[2022.11.17-13.13.11:304][  0]LogFileCache: Scanning file cache for directory 'F:/Github/Data-Wing-UE-4.27.1/DataWing/Content/Collections/' took 0.00s
[2022.11.17-13.13.11:304][  0]LogOcInput: OculusInput pre-init called
[2022.11.17-13.13.11:444][  0]LogEngine: Initializing Engine...
[2022.11.17-13.13.11:446][  0]LogHMD: Failed to enumerate extensions. Please check that you have a valid OpenXR runtime installed.
[2022.11.17-13.13.11:446][  0]LogHMD: Failed to initialize OpenVR with code 110
[2022.11.17-13.13.11:446][  0]LogMagicLeap: Warning: VR disabled because ZI is not enabled.  To enable, in the editor, Edit -> Project Settings -> Plugins -> Magic Leap Plugin -> Enable Zero Iteration
[2022.11.17-13.13.11:446][  0]LogStats: UGameplayTagsManager::InitializeManager -  0.000 s
[2022.11.17-13.13.11:530][  0]LogInit: Initializing FReadOnlyCVARCache
[2022.11.17-13.13.11:534][  0]LogAIModule: Creating AISystem for world Untitled
[2022.11.17-13.13.11:534][  0]LogAudio: Display: Initializing Audio Device Manager...
[2022.11.17-13.13.11:536][  0]LogAudio: Display: Loading Default Audio Settings Objects...
[2022.11.17-13.13.11:536][  0]LogAudio: Display: No default SoundConcurrencyObject specified (or failed to load).
[2022.11.17-13.13.11:536][  0]LogAudio: Display: Audio Device Manager Initialized
[2022.11.17-13.13.11:536][  0]LogAudio: Display: Creating Audio Device:                 Id: 1, Scope: Shared, Realtime: True
[2022.11.17-13.13.11:536][  0]LogAudioMixer: Display: Audio Mixer Platform Settings:
[2022.11.17-13.13.11:536][  0]LogAudioMixer: Display: 	Sample Rate:						  48000
[2022.11.17-13.13.11:536][  0]LogAudioMixer: Display: 	Callback Buffer Frame Size Requested: 1024
[2022.11.17-13.13.11:536][  0]LogAudioMixer: Display: 	Callback Buffer Frame Size To Use:	  1024
[2022.11.17-13.13.11:536][  0]LogAudioMixer: Display: 	Number of buffers to queue:			  2
[2022.11.17-13.13.11:536][  0]LogAudioMixer: Display: 	Max Channels (voices):				  32
[2022.11.17-13.13.11:536][  0]LogAudioMixer: Display: 	Number of Async Source Workers:		  0
[2022.11.17-13.13.11:536][  0]LogAudio: Display: AudioDevice MaxSources: 32
[2022.11.17-13.13.11:537][  0]LogAudio: Display: Audio Spatialization Plugin: None (built-in).
[2022.11.17-13.13.11:537][  0]LogAudio: Display: Audio Reverb Plugin: None (built-in).
[2022.11.17-13.13.11:537][  0]LogAudio: Display: Audio Occlusion Plugin: None (built-in).
[2022.11.17-13.13.11:537][  0]LogAudioMixer: Display: Initializing audio mixer.
[2022.11.17-13.13.11:545][  0]LogAudioMixer: Display: 0: FrontLeft
[2022.11.17-13.13.11:545][  0]LogAudioMixer: Display: 1: FrontRight
[2022.11.17-13.13.11:555][  0]LogAudioMixer: Display: Using Audio Device PL2474H (NVIDIA High Definition Audio)
[2022.11.17-13.13.11:558][  0]LogAudioMixer: Display: Initializing Sound Submixes...
[2022.11.17-13.13.11:559][  0]LogAudioMixer: Display: Creating Master Submix 'MasterSubmixDefault'
[2022.11.17-13.13.11:559][  0]LogAudioMixer: Display: Creating Master Submix 'MasterReverbSubmixDefault'
[2022.11.17-13.13.11:559][  0]LogAudioMixer: Display: Creating Master Submix 'MasterEQSubmixDefault'
[2022.11.17-13.13.11:559][  0]LogAudioMixer: FMixerPlatformXAudio2::StartAudioStream() called
[2022.11.17-13.13.11:559][  0]LogAudioMixer: Display: Output buffers initialized: Frames=1024, Channels=2, Samples=2048
[2022.11.17-13.13.11:560][  0]LogAudioMixer: Display: Starting AudioMixerPlatformInterface::RunInternal()
[2022.11.17-13.13.11:560][  0]LogAudioMixer: Display: FMixerPlatformXAudio2::SubmitBuffer() called for the first time
[2022.11.17-13.13.11:560][  0]LogInit: FAudioDevice initialized.
[2022.11.17-13.13.11:560][  0]LogAudio: Display: Audio Device (ID: 1) registered with world 'Untitled'.
[2022.11.17-13.13.11:560][  0]LogNetVersion: Set ProjectVersion to 1.0.0.0. Version Checksum will be recalculated on next use.
[2022.11.17-13.13.11:596][  0]LogDerivedDataCache: Saved boot cache 0.04s 94MB D:/SMI/AppData/Local/UnrealEngine/4.27/DerivedDataCache/Boot.ddc.
[2022.11.17-13.13.11:596][  0]LogInit: Texture streaming: Enabled
[2022.11.17-13.13.11:604][  0]LogAnalytics: Display: [UEEditor.Rocket.Release] APIServer = https://datarouter.ol.epicgames.com/. AppVersion = 4.27.2-18319896+++UE4+Release-4.27
[2022.11.17-13.13.11:606][  0]LogEngineSessionManager: EngineSessionManager initialized
[2022.11.17-13.13.11:606][  0]LogEditorSessionSummary: Verbose: Initializing EditorSessionSummaryWriter for editor session tracking
[2022.11.17-13.13.11:607][  0]LogEditorSessionSummary: EditorSessionSummaryWriter initialized
[2022.11.17-13.13.11:616][  0]LogInit: Transaction tracking system initialized
[2022.11.17-13.13.11:626][  0]BlueprintLog: New page: Editor Load
[2022.11.17-13.13.11:663][  0]LocalizationService: Localization service is disabled
[2022.11.17-13.13.11:674][  0]TimingProfiler: Initialize
[2022.11.17-13.13.11:674][  0]TimingProfiler: OnSessionChanged
[2022.11.17-13.13.11:674][  0]LoadingProfiler: Initialize
[2022.11.17-13.13.11:674][  0]LoadingProfiler: OnSessionChanged
[2022.11.17-13.13.11:674][  0]NetworkingProfiler: Initialize
[2022.11.17-13.13.11:674][  0]NetworkingProfiler: OnSessionChanged
[2022.11.17-13.13.11:674][  0]MemoryProfiler: Initialize
[2022.11.17-13.13.11:674][  0]MemoryProfiler: OnSessionChanged
[2022.11.17-13.13.11:760][  0]LogFileCache: Scanning file cache for directory 'F:/Github/Data-Wing-UE-4.27.1/DataWing/Content/' took 0.00s
[2022.11.17-13.13.11:760][  0]LogCook: Display: CookSettings for Memory: MemoryMaxUsedVirtual 0MiB, MemoryMaxUsedPhysical 16384MiB, MemoryMinFreeVirtual 0MiB, MemoryMinFreePhysical 1024MiB
[2022.11.17-13.13.11:760][  0]LogCook: Display: Mobile HDR setting 1
[2022.11.17-13.13.11:959][  0]LogInit: Display: Engine is initialized. Leaving FEngineLoop::Init()
[2022.11.17-13.13.11:962][  0]SourceControl: Source control is disabled
[2022.11.17-13.13.11:962][  0]LogUnrealEdMisc: Loading editor; pre map load, took 3.753
[2022.11.17-13.13.11:962][  0]Cmd: MAP LOAD FILE="../../../Engine/Content/Maps/Templates/Template_Default.umap" TEMPLATE=1 SHOWPROGRESS=1 FEATURELEVEL=3
[2022.11.17-13.13.11:962][  0]LightingResults: New page: Lighting Build
[2022.11.17-13.13.11:963][  0]LogWorld: UWorld::CleanupWorld for Untitled, bSessionEnded=true, bCleanupResources=true
[2022.11.17-13.13.11:963][  0]LogSlate: InvalidateAllWidgets triggered.  All widgets were invalidated
[2022.11.17-13.13.11:963][  0]MapCheck: New page: Map Check
[2022.11.17-13.13.11:963][  0]LightingResults: New page: Lighting Build
[2022.11.17-13.13.11:965][  0]LogAudio: Display: Audio Device unregistered from world 'None'.
[2022.11.17-13.13.11:967][  0]LogUObjectHash: Compacting FUObjectHashTables data took   0.47ms
[2022.11.17-13.13.11:995][  0]LogTexture: Display: Building textures: DeprecatedTextureEB9CBE3C423008B5E8E130901E171C89 (BGRA8, 128X128)
[2022.11.17-13.13.12:000][  0]LogAudio: Display: Audio Device (ID: 1) registered with world 'Untitled_1'.
[2022.11.17-13.13.12:000][  0]LogAIModule: Creating AISystem for world Untitled_1
[2022.11.17-13.13.12:003][  0]LogEditorServer: Finished looking for orphan Actors (0.000 secs)
[2022.11.17-13.13.12:008][  0]LogUObjectHash: Compacting FUObjectHashTables data took   0.85ms
[2022.11.17-13.13.12:009][  0]Cmd: MAP CHECKDEP NOCLEARLOG
[2022.11.17-13.13.12:009][  0]MapCheck: Map check complete: 0 Error(s), 0 Warning(s), took 0,078ms to complete.
[2022.11.17-13.13.12:009][  0]LogFileHelpers: Loading map 'Template_Default' took 0.047
[2022.11.17-13.13.12:010][  0]LogUnrealEdMisc: Total Editor Startup Time, took 3.801
[2022.11.17-13.13.12:106][  0]LogSlate: Updating window title bar state: overlay mode, drag disabled, window buttons hidden, title bar hidden
[2022.11.17-13.13.12:109][  0]LogSlate: Updating window title bar state: overlay mode, drag disabled, window buttons hidden, title bar hidden
[2022.11.17-13.13.12:111][  0]LogSlate: Updating window title bar state: overlay mode, drag disabled, window buttons hidden, title bar hidden
[2022.11.17-13.13.12:114][  0]LogSlate: Updating window title bar state: overlay mode, drag disabled, window buttons hidden, title bar hidden
[2022.11.17-13.13.12:122][  0]LogNativeClassHierarchy: Verbose: Native class hierarchy populated in 0.0056 seconds. Added 3822 classes and 928 folders.
[2022.11.17-13.13.12:124][  0]LogNativeClassHierarchy: Verbose: Native class hierarchy updated for 'WidgetCarousel' in 0.0001 seconds. Added 0 classes and 0 folders.
[2022.11.17-13.13.12:125][  0]LogPakFile: PakFile PrimaryIndexSize=187
[2022.11.17-13.13.12:125][  0]LogPakFile: PakFile PathHashIndexSize=101
[2022.11.17-13.13.12:125][  0]LogPakFile: PakFile FullDirectoryIndexSize=148
[2022.11.17-13.13.12:125][  0]LogShaderLibrary: Display: ShaderCodeLibraryPakFileMountedCallback: PakFile 'F:/Programmes/EpicGames/UE_4.27/FeaturePacks/FP_FirstPerson.upack' (chunk index -1, root 'root:/') mounted
[2022.11.17-13.13.12:125][  0]LogShaderLibrary: Display: ShaderCodeLibraryPakFileMountedCallback: pending pak file info (ChunkID:-1 Root:root:/ File:F:/Programmes/EpicGames/UE_4.27/FeaturePacks/FP_FirstPerson.upack)
[2022.11.17-13.13.12:125][  0]LogPakFile: OnPakFileMounted2Time == 0.000035
[2022.11.17-13.13.12:125][  0]LogPakFile: PakFile PrimaryIndexSize=189
[2022.11.17-13.13.12:125][  0]LogPakFile: PakFile PathHashIndexSize=101
[2022.11.17-13.13.12:125][  0]LogPakFile: PakFile FullDirectoryIndexSize=152
[2022.11.17-13.13.12:125][  0]LogShaderLibrary: Display: ShaderCodeLibraryPakFileMountedCallback: PakFile 'F:/Programmes/EpicGames/UE_4.27/FeaturePacks/FP_FirstPersonBP.upack' (chunk index -1, root 'root:/') mounted
[2022.11.17-13.13.12:125][  0]LogShaderLibrary: Display: ShaderCodeLibraryPakFileMountedCallback: pending pak file info (ChunkID:-1 Root:root:/ File:F:/Programmes/EpicGames/UE_4.27/FeaturePacks/FP_FirstPersonBP.upack)
[2022.11.17-13.13.12:125][  0]LogPakFile: OnPakFileMounted2Time == 0.000021
[2022.11.17-13.13.12:126][  0]LogPakFile: PakFile PrimaryIndexSize=191
[2022.11.17-13.13.12:126][  0]LogPakFile: PakFile PathHashIndexSize=101
[2022.11.17-13.13.12:126][  0]LogPakFile: PakFile FullDirectoryIndexSize=160
[2022.11.17-13.13.12:126][  0]LogShaderLibrary: Display: ShaderCodeLibraryPakFileMountedCallback: PakFile 'F:/Programmes/EpicGames/UE_4.27/FeaturePacks/MobileStarterContent.upack' (chunk index -1, root 'root:/') mounted
[2022.11.17-13.13.12:126][  0]LogShaderLibrary: Display: ShaderCodeLibraryPakFileMountedCallback: pending pak file info (ChunkID:-1 Root:root:/ File:F:/Programmes/EpicGames/UE_4.27/FeaturePacks/MobileStarterContent.upack)
[2022.11.17-13.13.12:126][  0]LogPakFile: OnPakFileMounted2Time == 0.000019
[2022.11.17-13.13.12:126][  0]LogPakFile: PakFile PrimaryIndexSize=185
[2022.11.17-13.13.12:126][  0]LogPakFile: PakFile PathHashIndexSize=101
[2022.11.17-13.13.12:126][  0]LogPakFile: PakFile FullDirectoryIndexSize=148
[2022.11.17-13.13.12:126][  0]LogShaderLibrary: Display: ShaderCodeLibraryPakFileMountedCallback: PakFile 'F:/Programmes/EpicGames/UE_4.27/FeaturePacks/StarterContent.upack' (chunk index -1, root 'root:/') mounted
[2022.11.17-13.13.12:126][  0]LogShaderLibrary: Display: ShaderCodeLibraryPakFileMountedCallback: pending pak file info (ChunkID:-1 Root:root:/ File:F:/Programmes/EpicGames/UE_4.27/FeaturePacks/StarterContent.upack)
[2022.11.17-13.13.12:126][  0]LogPakFile: OnPakFileMounted2Time == 0.000019
[2022.11.17-13.13.12:126][  0]LogPakFile: PakFile PrimaryIndexSize=190
[2022.11.17-13.13.12:126][  0]LogPakFile: PakFile PathHashIndexSize=101
[2022.11.17-13.13.12:126][  0]LogPakFile: PakFile FullDirectoryIndexSize=154
[2022.11.17-13.13.12:126][  0]LogShaderLibrary: Display: ShaderCodeLibraryPakFileMountedCallback: PakFile 'F:/Programmes/EpicGames/UE_4.27/FeaturePacks/TP_2DSideScroller.upack' (chunk index -1, root 'root:/') mounted
[2022.11.17-13.13.12:126][  0]LogShaderLibrary: Display: ShaderCodeLibraryPakFileMountedCallback: pending pak file info (ChunkID:-1 Root:root:/ File:F:/Programmes/EpicGames/UE_4.27/FeaturePacks/TP_2DSideScroller.upack)
[2022.11.17-13.13.12:126][  0]LogPakFile: OnPakFileMounted2Time == 0.000018
[2022.11.17-13.13.12:126][  0]LogPakFile: PakFile PrimaryIndexSize=192
[2022.11.17-13.13.12:126][  0]LogPakFile: PakFile PathHashIndexSize=101
[2022.11.17-13.13.12:126][  0]LogPakFile: PakFile FullDirectoryIndexSize=158
[2022.11.17-13.13.12:126][  0]LogShaderLibrary: Display: ShaderCodeLibraryPakFileMountedCallback: PakFile 'F:/Programmes/EpicGames/UE_4.27/FeaturePacks/TP_2DSideScrollerBP.upack' (chunk index -1, root 'root:/') mounted
[2022.11.17-13.13.12:126][  0]LogShaderLibrary: Display: ShaderCodeLibraryPakFileMountedCallback: pending pak file info (ChunkID:-1 Root:root:/ File:F:/Programmes/EpicGames/UE_4.27/FeaturePacks/TP_2DSideScrollerBP.upack)
[2022.11.17-13.13.12:126][  0]LogPakFile: OnPakFileMounted2Time == 0.000018
[2022.11.17-13.13.12:126][  0]LogPakFile: PakFile PrimaryIndexSize=182
[2022.11.17-13.13.12:126][  0]LogPakFile: PakFile PathHashIndexSize=101
[2022.11.17-13.13.12:126][  0]LogPakFile: PakFile FullDirectoryIndexSize=138
[2022.11.17-13.13.12:126][  0]LogShaderLibrary: Display: ShaderCodeLibraryPakFileMountedCallback: PakFile 'F:/Programmes/EpicGames/UE_4.27/FeaturePacks/TP_Flying.upack' (chunk index -1, root 'root:/') mounted
[2022.11.17-13.13.12:126][  0]LogShaderLibrary: Display: ShaderCodeLibraryPakFileMountedCallback: pending pak file info (ChunkID:-1 Root:root:/ File:F:/Programmes/EpicGames/UE_4.27/FeaturePacks/TP_Flying.upack)
[2022.11.17-13.13.12:126][  0]LogPakFile: OnPakFileMounted2Time == 0.000018
[2022.11.17-13.13.12:127][  0]LogPakFile: PakFile PrimaryIndexSize=184
[2022.11.17-13.13.12:127][  0]LogPakFile: PakFile PathHashIndexSize=101
[2022.11.17-13.13.12:127][  0]LogPakFile: PakFile FullDirectoryIndexSize=142
[2022.11.17-13.13.12:127][  0]LogShaderLibrary: Display: ShaderCodeLibraryPakFileMountedCallback: PakFile 'F:/Programmes/EpicGames/UE_4.27/FeaturePacks/TP_FlyingBP.upack' (chunk index -1, root 'root:/') mounted
[2022.11.17-13.13.12:127][  0]LogShaderLibrary: Display: ShaderCodeLibraryPakFileMountedCallback: pending pak file info (ChunkID:-1 Root:root:/ File:F:/Programmes/EpicGames/UE_4.27/FeaturePacks/TP_FlyingBP.upack)
[2022.11.17-13.13.12:127][  0]LogPakFile: OnPakFileMounted2Time == 0.000017
[2022.11.17-13.13.12:127][  0]LogPakFile: PakFile PrimaryIndexSize=188
[2022.11.17-13.13.12:127][  0]LogPakFile: PakFile PathHashIndexSize=101
[2022.11.17-13.13.12:127][  0]LogPakFile: PakFile FullDirectoryIndexSize=150
[2022.11.17-13.13.12:127][  0]LogShaderLibrary: Display: ShaderCodeLibraryPakFileMountedCallback: PakFile 'F:/Programmes/EpicGames/UE_4.27/FeaturePacks/TP_HandheldARBP.upack' (chunk index -1, root 'root:/') mounted
[2022.11.17-13.13.12:127][  0]LogShaderLibrary: Display: ShaderCodeLibraryPakFileMountedCallback: pending pak file info (ChunkID:-1 Root:root:/ File:F:/Programmes/EpicGames/UE_4.27/FeaturePacks/TP_HandheldARBP.upack)
[2022.11.17-13.13.12:127][  0]LogPakFile: OnPakFileMounted2Time == 0.000017
[2022.11.17-13.13.12:127][  0]LogPakFile: PakFile PrimaryIndexSize=182
[2022.11.17-13.13.12:127][  0]LogPakFile: PakFile PathHashIndexSize=101
[2022.11.17-13.13.12:127][  0]LogPakFile: PakFile FullDirectoryIndexSize=138
[2022.11.17-13.13.12:127][  0]LogShaderLibrary: Display: ShaderCodeLibraryPakFileMountedCallback: PakFile 'F:/Programmes/EpicGames/UE_4.27/FeaturePacks/TP_Puzzle.upack' (chunk index -1, root 'root:/') mounted
[2022.11.17-13.13.12:127][  0]LogShaderLibrary: Display: ShaderCodeLibraryPakFileMountedCallback: pending pak file info (ChunkID:-1 Root:root:/ File:F:/Programmes/EpicGames/UE_4.27/FeaturePacks/TP_Puzzle.upack)
[2022.11.17-13.13.12:127][  0]LogPakFile: OnPakFileMounted2Time == 0.000017
[2022.11.17-13.13.12:127][  0]LogPakFile: PakFile PrimaryIndexSize=184
[2022.11.17-13.13.12:127][  0]LogPakFile: PakFile PathHashIndexSize=101
[2022.11.17-13.13.12:127][  0]LogPakFile: PakFile FullDirectoryIndexSize=142
[2022.11.17-13.13.12:127][  0]LogShaderLibrary: Display: ShaderCodeLibraryPakFileMountedCallback: PakFile 'F:/Programmes/EpicGames/UE_4.27/FeaturePacks/TP_PuzzleBP.upack' (chunk index -1, root 'root:/') mounted
[2022.11.17-13.13.12:127][  0]LogShaderLibrary: Display: ShaderCodeLibraryPakFileMountedCallback: pending pak file info (ChunkID:-1 Root:root:/ File:F:/Programmes/EpicGames/UE_4.27/FeaturePacks/TP_PuzzleBP.upack)
[2022.11.17-13.13.12:127][  0]LogPakFile: OnPakFileMounted2Time == 0.000016
[2022.11.17-13.13.12:128][  0]LogPakFile: PakFile PrimaryIndexSize=183
[2022.11.17-13.13.12:128][  0]LogPakFile: PakFile PathHashIndexSize=101
[2022.11.17-13.13.12:128][  0]LogPakFile: PakFile FullDirectoryIndexSize=140
[2022.11.17-13.13.12:128][  0]LogShaderLibrary: Display: ShaderCodeLibraryPakFileMountedCallback: PakFile 'F:/Programmes/EpicGames/UE_4.27/FeaturePacks/TP_Rolling.upack' (chunk index -1, root 'root:/') mounted
[2022.11.17-13.13.12:128][  0]LogShaderLibrary: Display: ShaderCodeLibraryPakFileMountedCallback: pending pak file info (ChunkID:-1 Root:root:/ File:F:/Programmes/EpicGames/UE_4.27/FeaturePacks/TP_Rolling.upack)
[2022.11.17-13.13.12:128][  0]LogPakFile: OnPakFileMounted2Time == 0.000017
[2022.11.17-13.13.12:128][  0]LogPakFile: PakFile PrimaryIndexSize=185
[2022.11.17-13.13.12:128][  0]LogPakFile: PakFile PathHashIndexSize=101
[2022.11.17-13.13.12:128][  0]LogPakFile: PakFile FullDirectoryIndexSize=144
[2022.11.17-13.13.12:128][  0]LogShaderLibrary: Display: ShaderCodeLibraryPakFileMountedCallback: PakFile 'F:/Programmes/EpicGames/UE_4.27/FeaturePacks/TP_RollingBP.upack' (chunk index -1, root 'root:/') mounted
[2022.11.17-13.13.12:128][  0]LogShaderLibrary: Display: ShaderCodeLibraryPakFileMountedCallback: pending pak file info (ChunkID:-1 Root:root:/ File:F:/Programmes/EpicGames/UE_4.27/FeaturePacks/TP_RollingBP.upack)
[2022.11.17-13.13.12:128][  0]LogPakFile: OnPakFileMounted2Time == 0.000016
[2022.11.17-13.13.12:128][  0]LogPakFile: PakFile PrimaryIndexSize=188
[2022.11.17-13.13.12:128][  0]LogPakFile: PakFile PathHashIndexSize=101
[2022.11.17-13.13.12:128][  0]LogPakFile: PakFile FullDirectoryIndexSize=150
[2022.11.17-13.13.12:128][  0]LogShaderLibrary: Display: ShaderCodeLibraryPakFileMountedCallback: PakFile 'F:/Programmes/EpicGames/UE_4.27/FeaturePacks/TP_SideScroller.upack' (chunk index -1, root 'root:/') mounted
[2022.11.17-13.13.12:128][  0]LogShaderLibrary: Display: ShaderCodeLibraryPakFileMountedCallback: pending pak file info (ChunkID:-1 Root:root:/ File:F:/Programmes/EpicGames/UE_4.27/FeaturePacks/TP_SideScroller.upack)
[2022.11.17-13.13.12:128][  0]LogPakFile: OnPakFileMounted2Time == 0.000016
[2022.11.17-13.13.12:128][  0]LogPakFile: PakFile PrimaryIndexSize=190
[2022.11.17-13.13.12:128][  0]LogPakFile: PakFile PathHashIndexSize=101
[2022.11.17-13.13.12:128][  0]LogPakFile: PakFile FullDirectoryIndexSize=154
[2022.11.17-13.13.12:128][  0]LogShaderLibrary: Display: ShaderCodeLibraryPakFileMountedCallback: PakFile 'F:/Programmes/EpicGames/UE_4.27/FeaturePacks/TP_SideScrollerBP.upack' (chunk index -1, root 'root:/') mounted
[2022.11.17-13.13.12:128][  0]LogShaderLibrary: Display: ShaderCodeLibraryPakFileMountedCallback: pending pak file info (ChunkID:-1 Root:root:/ File:F:/Programmes/EpicGames/UE_4.27/FeaturePacks/TP_SideScrollerBP.upack)
[2022.11.17-13.13.12:128][  0]LogPakFile: OnPakFileMounted2Time == 0.000018
[2022.11.17-13.13.12:128][  0]LogPakFile: PakFile PrimaryIndexSize=187
[2022.11.17-13.13.12:129][  0]LogPakFile: PakFile PathHashIndexSize=101
[2022.11.17-13.13.12:129][  0]LogPakFile: PakFile FullDirectoryIndexSize=148
[2022.11.17-13.13.12:129][  0]LogShaderLibrary: Display: ShaderCodeLibraryPakFileMountedCallback: PakFile 'F:/Programmes/EpicGames/UE_4.27/FeaturePacks/TP_ThirdPerson.upack' (chunk index -1, root 'root:/') mounted
[2022.11.17-13.13.12:129][  0]LogShaderLibrary: Display: ShaderCodeLibraryPakFileMountedCallback: pending pak file info (ChunkID:-1 Root:root:/ File:F:/Programmes/EpicGames/UE_4.27/FeaturePacks/TP_ThirdPerson.upack)
[2022.11.17-13.13.12:129][  0]LogPakFile: OnPakFileMounted2Time == 0.000017
[2022.11.17-13.13.12:129][  0]LogPakFile: PakFile PrimaryIndexSize=189
[2022.11.17-13.13.12:129][  0]LogPakFile: PakFile PathHashIndexSize=101
[2022.11.17-13.13.12:129][  0]LogPakFile: PakFile FullDirectoryIndexSize=152
[2022.11.17-13.13.12:129][  0]LogShaderLibrary: Display: ShaderCodeLibraryPakFileMountedCallback: PakFile 'F:/Programmes/EpicGames/UE_4.27/FeaturePacks/TP_ThirdPersonBP.upack' (chunk index -1, root 'root:/') mounted
[2022.11.17-13.13.12:129][  0]LogShaderLibrary: Display: ShaderCodeLibraryPakFileMountedCallback: pending pak file info (ChunkID:-1 Root:root:/ File:F:/Programmes/EpicGames/UE_4.27/FeaturePacks/TP_ThirdPersonBP.upack)
[2022.11.17-13.13.12:129][  0]LogPakFile: OnPakFileMounted2Time == 0.000018
[2022.11.17-13.13.12:129][  0]LogPakFile: PakFile PrimaryIndexSize=183
[2022.11.17-13.13.12:129][  0]LogPakFile: PakFile PathHashIndexSize=101
[2022.11.17-13.13.12:129][  0]LogPakFile: PakFile FullDirectoryIndexSize=140
[2022.11.17-13.13.12:129][  0]LogShaderLibrary: Display: ShaderCodeLibraryPakFileMountedCallback: PakFile 'F:/Programmes/EpicGames/UE_4.27/FeaturePacks/TP_TopDown.upack' (chunk index -1, root 'root:/') mounted
[2022.11.17-13.13.12:129][  0]LogShaderLibrary: Display: ShaderCodeLibraryPakFileMountedCallback: pending pak file info (ChunkID:-1 Root:root:/ File:F:/Programmes/EpicGames/UE_4.27/FeaturePacks/TP_TopDown.upack)
[2022.11.17-13.13.12:129][  0]LogPakFile: OnPakFileMounted2Time == 0.000021
[2022.11.17-13.13.12:129][  0]LogPakFile: PakFile PrimaryIndexSize=185
[2022.11.17-13.13.12:129][  0]LogPakFile: PakFile PathHashIndexSize=101
[2022.11.17-13.13.12:129][  0]LogPakFile: PakFile FullDirectoryIndexSize=144
[2022.11.17-13.13.12:129][  0]LogShaderLibrary: Display: ShaderCodeLibraryPakFileMountedCallback: PakFile 'F:/Programmes/EpicGames/UE_4.27/FeaturePacks/TP_TopDownBP.upack' (chunk index -1, root 'root:/') mounted
[2022.11.17-13.13.12:129][  0]LogShaderLibrary: Display: ShaderCodeLibraryPakFileMountedCallback: pending pak file info (ChunkID:-1 Root:root:/ File:F:/Programmes/EpicGames/UE_4.27/FeaturePacks/TP_TopDownBP.upack)
[2022.11.17-13.13.12:129][  0]LogPakFile: OnPakFileMounted2Time == 0.000017
[2022.11.17-13.13.12:129][  0]LogPakFile: PakFile PrimaryIndexSize=185
[2022.11.17-13.13.12:129][  0]LogPakFile: PakFile PathHashIndexSize=101
[2022.11.17-13.13.12:129][  0]LogPakFile: PakFile FullDirectoryIndexSize=144
[2022.11.17-13.13.12:129][  0]LogShaderLibrary: Display: ShaderCodeLibraryPakFileMountedCallback: PakFile 'F:/Programmes/EpicGames/UE_4.27/FeaturePacks/TP_TwinStick.upack' (chunk index -1, root 'root:/') mounted
[2022.11.17-13.13.12:129][  0]LogShaderLibrary: Display: ShaderCodeLibraryPakFileMountedCallback: pending pak file info (ChunkID:-1 Root:root:/ File:F:/Programmes/EpicGames/UE_4.27/FeaturePacks/TP_TwinStick.upack)
[2022.11.17-13.13.12:129][  0]LogPakFile: OnPakFileMounted2Time == 0.000017
[2022.11.17-13.13.12:130][  0]LogPakFile: PakFile PrimaryIndexSize=187
[2022.11.17-13.13.12:130][  0]LogPakFile: PakFile PathHashIndexSize=101
[2022.11.17-13.13.12:130][  0]LogPakFile: PakFile FullDirectoryIndexSize=148
[2022.11.17-13.13.12:130][  0]LogShaderLibrary: Display: ShaderCodeLibraryPakFileMountedCallback: PakFile 'F:/Programmes/EpicGames/UE_4.27/FeaturePacks/TP_TwinStickBP.upack' (chunk index -1, root 'root:/') mounted
[2022.11.17-13.13.12:130][  0]LogShaderLibrary: Display: ShaderCodeLibraryPakFileMountedCallback: pending pak file info (ChunkID:-1 Root:root:/ File:F:/Programmes/EpicGames/UE_4.27/FeaturePacks/TP_TwinStickBP.upack)
[2022.11.17-13.13.12:130][  0]LogPakFile: OnPakFileMounted2Time == 0.000017
[2022.11.17-13.13.12:130][  0]LogPakFile: PakFile PrimaryIndexSize=183
[2022.11.17-13.13.12:130][  0]LogPakFile: PakFile PathHashIndexSize=101
[2022.11.17-13.13.12:130][  0]LogPakFile: PakFile FullDirectoryIndexSize=140
[2022.11.17-13.13.12:130][  0]LogShaderLibrary: Display: ShaderCodeLibraryPakFileMountedCallback: PakFile 'F:/Programmes/EpicGames/UE_4.27/FeaturePacks/TP_Vehicle.upack' (chunk index -1, root 'root:/') mounted
[2022.11.17-13.13.12:130][  0]LogShaderLibrary: Display: ShaderCodeLibraryPakFileMountedCallback: pending pak file info (ChunkID:-1 Root:root:/ File:F:/Programmes/EpicGames/UE_4.27/FeaturePacks/TP_Vehicle.upack)
[2022.11.17-13.13.12:130][  0]LogPakFile: OnPakFileMounted2Time == 0.000018
[2022.11.17-13.13.12:130][  0]LogPakFile: PakFile PrimaryIndexSize=186
[2022.11.17-13.13.12:130][  0]LogPakFile: PakFile PathHashIndexSize=101
[2022.11.17-13.13.12:130][  0]LogPakFile: PakFile FullDirectoryIndexSize=146
[2022.11.17-13.13.12:130][  0]LogShaderLibrary: Display: ShaderCodeLibraryPakFileMountedCallback: PakFile 'F:/Programmes/EpicGames/UE_4.27/FeaturePacks/TP_VehicleAdv.upack' (chunk index -1, root 'root:/') mounted
[2022.11.17-13.13.12:130][  0]LogShaderLibrary: Display: ShaderCodeLibraryPakFileMountedCallback: pending pak file info (ChunkID:-1 Root:root:/ File:F:/Programmes/EpicGames/UE_4.27/FeaturePacks/TP_VehicleAdv.upack)
[2022.11.17-13.13.12:130][  0]LogPakFile: OnPakFileMounted2Time == 0.000018
[2022.11.17-13.13.12:130][  0]LogPakFile: PakFile PrimaryIndexSize=188
[2022.11.17-13.13.12:130][  0]LogPakFile: PakFile PathHashIndexSize=101
[2022.11.17-13.13.12:130][  0]LogPakFile: PakFile FullDirectoryIndexSize=150
[2022.11.17-13.13.12:130][  0]LogShaderLibrary: Display: ShaderCodeLibraryPakFileMountedCallback: PakFile 'F:/Programmes/EpicGames/UE_4.27/FeaturePacks/TP_VehicleAdvBP.upack' (chunk index -1, root 'root:/') mounted
[2022.11.17-13.13.12:130][  0]LogShaderLibrary: Display: ShaderCodeLibraryPakFileMountedCallback: pending pak file info (ChunkID:-1 Root:root:/ File:F:/Programmes/EpicGames/UE_4.27/FeaturePacks/TP_VehicleAdvBP.upack)
[2022.11.17-13.13.12:130][  0]LogPakFile: OnPakFileMounted2Time == 0.000016
[2022.11.17-13.13.12:131][  0]LogPakFile: PakFile PrimaryIndexSize=185
[2022.11.17-13.13.12:131][  0]LogPakFile: PakFile PathHashIndexSize=101
[2022.11.17-13.13.12:131][  0]LogPakFile: PakFile FullDirectoryIndexSize=144
[2022.11.17-13.13.12:131][  0]LogShaderLibrary: Display: ShaderCodeLibraryPakFileMountedCallback: PakFile 'F:/Programmes/EpicGames/UE_4.27/FeaturePacks/TP_VehicleBP.upack' (chunk index -1, root 'root:/') mounted
[2022.11.17-13.13.12:131][  0]LogShaderLibrary: Display: ShaderCodeLibraryPakFileMountedCallback: pending pak file info (ChunkID:-1 Root:root:/ File:F:/Programmes/EpicGames/UE_4.27/FeaturePacks/TP_VehicleBP.upack)
[2022.11.17-13.13.12:131][  0]LogPakFile: OnPakFileMounted2Time == 0.000017
[2022.11.17-13.13.12:131][  0]LogPakFile: PakFile PrimaryIndexSize=192
[2022.11.17-13.13.12:131][  0]LogPakFile: PakFile PathHashIndexSize=101
[2022.11.17-13.13.12:131][  0]LogPakFile: PakFile FullDirectoryIndexSize=158
[2022.11.17-13.13.12:131][  0]LogShaderLibrary: Display: ShaderCodeLibraryPakFileMountedCallback: PakFile 'F:/Programmes/EpicGames/UE_4.27/FeaturePacks/TP_VirtualRealityBP.upack' (chunk index -1, root 'root:/') mounted
[2022.11.17-13.13.12:131][  0]LogShaderLibrary: Display: ShaderCodeLibraryPakFileMountedCallback: pending pak file info (ChunkID:-1 Root:root:/ File:F:/Programmes/EpicGames/UE_4.27/FeaturePacks/TP_VirtualRealityBP.upack)
[2022.11.17-13.13.12:131][  0]LogPakFile: OnPakFileMounted2Time == 0.000017
[2022.11.17-13.13.12:146][  0]LogNativeClassHierarchy: Verbose: Native class hierarchy updated for 'AddContentDialog' in 0.0002 seconds. Added 0 classes and 0 folders.
[2022.11.17-13.13.12:196][  0]LogSlate: Took 0.000095 seconds to synchronously load lazily loaded font '../../../Engine/Content/Slate/Fonts/Roboto-Regular.ttf' (155K)
[2022.11.17-13.13.12:197][  0]LogSlate: Took 0.000126 seconds to synchronously load lazily loaded font '../../../Engine/Content/Editor/Slate/Fonts/FontAwesome.ttf' (139K)
[2022.11.17-13.13.12:199][  0]LogSlate: Took 0.000081 seconds to synchronously load lazily loaded font '../../../Engine/Content/Slate/Fonts/Roboto-Bold.ttf' (160K)
[2022.11.17-13.13.12:239][  0]LogRenderer: Reallocating scene render targets to support 1020x484 Format 10 NumSamples 1 (Frame:1).
[2022.11.17-13.13.12:287][  0]LogNativeClassHierarchy: Verbose: Native class hierarchy updated for 'HierarchicalLODOutliner' in 0.0002 seconds. Added 0 classes and 0 folders.
[2022.11.17-13.13.12:287][  0]LogLoad: (Engine Initialization) Total time: 4.08 seconds
[2022.11.17-13.13.12:287][  0]LogLoad: (Engine Initialization) Total Blueprint compile time: 0.00 seconds
[2022.11.17-13.13.12:314][  0]LogAssetRegistry: Asset discovery search completed in 2.4830 seconds
[2022.11.17-13.13.12:316][  0]LogCollectionManager: Fixed up redirectors for 0 collections in 0.000003 seconds (updated 0 objects)
[2022.11.17-13.13.12:317][  0]LogContentStreaming: Texture pool size now 1000 MB
[2022.11.17-13.13.12:352][  0]LogRenderer: Reallocating scene render targets to support 1020x500 Format 10 NumSamples 1 (Frame:3).
[2022.11.17-13.13.28:725][849]LogActorFactory: Actor Factory created Cone
[2022.11.17-13.13.30:512][ 56]LogActorFactory: Actor Factory created Cone
[2022.11.17-13.13.31:902][218]LogTemp: Repeating last play command: Selected Viewport
[2022.11.17-13.13.31:904][218]LogPlayLevel: PlayLevel: No blueprints needed recompiling
[2022.11.17-13.13.31:904][218]PIE: New page: PIE session: Untitled_1 (17 nov. 2022 à 15:13:31)
[2022.11.17-13.13.31:937][218]LogOnline: OSS: Creating online subsystem instance for: NULL
[2022.11.17-13.13.31:938][218]LogOnline: OSS: TryLoadSubsystemAndSetDefault: Loaded subsystem for module [NULL]
[2022.11.17-13.13.31:938][218]LogPlayLevel: Creating play world package: /Temp/UEDPIE_0_Untitled_1
[2022.11.17-13.13.31:940][218]LogPlayLevel: PIE: StaticDuplicateObject took: (0.001363s)
[2022.11.17-13.13.31:940][218]LogAIModule: Creating AISystem for world Untitled_1
[2022.11.17-13.13.31:940][218]LogPlayLevel: PIE: World Init took: (0.000914s)
[2022.11.17-13.13.31:940][218]LogPlayLevel: PIE: Created PIE world by copying editor world from /Temp/Untitled_1.Untitled_1 to /Temp/UEDPIE_0_Untitled_1.Untitled_1 (0.002357s)
[2022.11.17-13.13.31:944][218]LogUObjectHash: Compacting FUObjectHashTables data took   0.40ms
[2022.11.17-13.13.31:945][218]LogAudio: Display: Creating Audio Device:                 Id: 2, Scope: Unique, Realtime: True
[2022.11.17-13.13.31:945][218]LogAudioMixer: Display: Audio Mixer Platform Settings:
[2022.11.17-13.13.31:945][218]LogAudioMixer: Display: 	Sample Rate:						  48000
[2022.11.17-13.13.31:945][218]LogAudioMixer: Display: 	Callback Buffer Frame Size Requested: 1024
[2022.11.17-13.13.31:945][218]LogAudioMixer: Display: 	Callback Buffer Frame Size To Use:	  1024
[2022.11.17-13.13.31:945][218]LogAudioMixer: Display: 	Number of buffers to queue:			  2
[2022.11.17-13.13.31:945][218]LogAudioMixer: Display: 	Max Channels (voices):				  32
[2022.11.17-13.13.31:945][218]LogAudioMixer: Display: 	Number of Async Source Workers:		  0
[2022.11.17-13.13.31:945][218]LogAudio: Display: AudioDevice MaxSources: 32
[2022.11.17-13.13.31:945][218]LogAudio: Display: Audio Spatialization Plugin: None (built-in).
[2022.11.17-13.13.31:945][218]LogAudio: Display: Audio Reverb Plugin: None (built-in).
[2022.11.17-13.13.31:945][218]LogAudio: Display: Audio Occlusion Plugin: None (built-in).
[2022.11.17-13.13.31:945][218]LogAudioMixer: Display: Initializing audio mixer.
[2022.11.17-13.13.31:950][218]LogAudioMixer: Display: 0: FrontLeft
[2022.11.17-13.13.31:950][218]LogAudioMixer: Display: 1: FrontRight
[2022.11.17-13.13.31:956][218]LogAudioMixer: Display: Using Audio Device PL2474H (NVIDIA High Definition Audio)
[2022.11.17-13.13.31:956][218]LogAudioMixer: Display: Initializing Sound Submixes...
[2022.11.17-13.13.31:956][218]LogAudioMixer: Display: Creating Master Submix 'MasterSubmixDefault'
[2022.11.17-13.13.31:956][218]LogAudioMixer: Display: Creating Master Submix 'MasterReverbSubmixDefault'
[2022.11.17-13.13.31:956][218]LogAudioMixer: Display: Creating Master Submix 'MasterEQSubmixDefault'
[2022.11.17-13.13.31:956][218]LogAudioMixer: FMixerPlatformXAudio2::StartAudioStream() called
[2022.11.17-13.13.31:956][218]LogAudioMixer: Display: Output buffers initialized: Frames=1024, Channels=2, Samples=2048
[2022.11.17-13.13.31:957][218]LogAudioMixer: Display: Starting AudioMixerPlatformInterface::RunInternal()
[2022.11.17-13.13.31:957][218]LogAudioMixer: Display: FMixerPlatformXAudio2::SubmitBuffer() called for the first time
[2022.11.17-13.13.31:957][218]LogInit: FAudioDevice initialized.
[2022.11.17-13.13.31:957][218]LogAudio: Display: Audio Device (ID: 2) registered with world 'Untitled_1'.
[2022.11.17-13.13.31:964][218]LogLoad: Game class is 'GameModeBase'
[2022.11.17-13.13.31:964][218]LogWorld: Bringing World /Temp/UEDPIE_0_Untitled_1.Untitled_1 up for play (max tick rate 0) at 2022.11.17-14.13.31
[2022.11.17-13.13.31:964][218]LogWorld: Bringing up level for play took: 0.000356
[2022.11.17-13.13.31:964][218]LogOnline: OSS: Creating online subsystem instance for: :Context_3
[2022.11.17-13.13.31:966][218]LogNativeClassHierarchy: Verbose: Native class hierarchy updated for 'MovieSceneCapture' in 0.0002 seconds. Added 20 classes and 0 folders.
[2022.11.17-13.13.31:966][218]PIE: Server logged in
[2022.11.17-13.13.31:967][218]PIE: Play in editor total start time 0,064 seconds.
[2022.11.17-13.13.33:066][346]LogSlate: Updating window title bar state: overlay mode, drag disabled, window buttons hidden, title bar hidden
[2022.11.17-13.13.33:066][346]LogWorld: BeginTearingDown for /Temp/UEDPIE_0_Untitled_1
[2022.11.17-13.13.33:066][346]LogWorld: UWorld::CleanupWorld for Untitled_1, bSessionEnded=true, bCleanupResources=true
[2022.11.17-13.13.33:067][346]LogSlate: InvalidateAllWidgets triggered.  All widgets were invalidated
[2022.11.17-13.13.33:073][346]LogPlayLevel: Display: Shutting down PIE online subsystems
[2022.11.17-13.13.33:081][346]LogSlate: InvalidateAllWidgets triggered.  All widgets were invalidated
[2022.11.17-13.13.33:084][346]LogAudio: Display: Audio Device unregistered from world 'None'.
[2022.11.17-13.13.33:084][346]LogAudioMixer: FMixerPlatformXAudio2::StopAudioStream() called
[2022.11.17-13.13.33:085][346]LogAudioMixer: FMixerPlatformXAudio2::StopAudioStream() called
[2022.11.17-13.13.33:086][346]LogSlate: Updating window title bar state: overlay mode, drag disabled, window buttons hidden, title bar hidden
[2022.11.17-13.13.33:087][346]LogUObjectHash: Compacting FUObjectHashTables data took   0.38ms
[2022.11.17-13.13.33:139][350]LogPlayLevel: Display: Destroying online subsystem :Context_3
[2022.11.17-13.13.37:148][830]LogEditorViewport: Clicking on Actor (LMB): StaticMeshActor (Floor)
[2022.11.17-13.13.37:615][883]Cmd: DELETE
[2022.11.17-13.13.37:615][883]Cmd: ACTOR DELETE
[2022.11.17-13.13.37:615][883]LogEditorActor: Deleted Actor: StaticMeshActor
[2022.11.17-13.13.37:619][883]LogUObjectHash: Compacting FUObjectHashTables data took   0.36ms
[2022.11.17-13.13.37:619][883]LogEditorActor: Deleted 1 Actors (0.005 secs)
[2022.11.17-13.13.38:027][932]LogEditorViewport: Clicking on Actor (LMB): StaticMeshActor (Cone)
[2022.11.17-13.13.43:432][556]Cmd: CAMERA ALIGN ACTIVEVIEWPORTONLY
[2022.11.17-13.13.45:931][623]LogSlate: Window 'Save Level As' being destroyed
[2022.11.17-13.13.50:037][ 90]LogContentBrowser: Deferred new asset folder creation: NewFolder
[2022.11.17-13.13.50:052][ 90]LogContentBrowser: Creating deferred item: NewFolder
[2022.11.17-13.13.50:052][ 90]LogSlate: Took 0.000125 seconds to synchronously load lazily loaded font '../../../Engine/Content/Slate/Fonts/Roboto-Light.ttf' (167K)
[2022.11.17-13.13.51:258][231]LogContentBrowser: Attempting asset rename: NewFolder -> Assets
[2022.11.17-13.13.51:259][231]LogContentBrowser: End creating deferred item NewFolder
